{"C:\\Users\\user\\Bookstore\\src\\components\\index.ts": {"path":"C:\\Users\\user\\Bookstore\\src\\components\\index.ts","statementMap":{"0":{"start":{"line":2,"column":0},"end":{"line":2,"column":9}},"1":{"start":{"line":2,"column":9},"end":{"line":2,"column":34}},"2":{"start":{"line":5,"column":0},"end":{"line":5,"column":9}},"3":{"start":{"line":5,"column":9},"end":{"line":5,"column":32}},"4":{"start":{"line":8,"column":0},"end":{"line":8,"column":9}},"5":{"start":{"line":8,"column":9},"end":{"line":8,"column":36}},"6":{"start":{"line":11,"column":0},"end":{"line":11,"column":9}},"7":{"start":{"line":11,"column":9},"end":{"line":11,"column":30}},"8":{"start":{"line":14,"column":0},"end":{"line":14,"column":9}},"9":{"start":{"line":14,"column":9},"end":{"line":14,"column":38}},"10":{"start":{"line":17,"column":0},"end":{"line":17,"column":9}},"11":{"start":{"line":17,"column":9},"end":{"line":17,"column":34}},"12":{"start":{"line":20,"column":0},"end":{"line":20,"column":9}},"13":{"start":{"line":20,"column":9},"end":{"line":20,"column":50}},"14":{"start":{"line":21,"column":0},"end":{"line":21,"column":9}},"15":{"start":{"line":21,"column":9},"end":{"line":21,"column":42}},"16":{"start":{"line":22,"column":0},"end":{"line":22,"column":9}},"17":{"start":{"line":22,"column":9},"end":{"line":22,"column":38}},"18":{"start":{"line":25,"column":0},"end":{"line":25,"column":9}},"19":{"start":{"line":25,"column":9},"end":{"line":25,"column":44}},"20":{"start":{"line":28,"column":0},"end":{"line":28,"column":9}},"21":{"start":{"line":28,"column":9},"end":{"line":28,"column":38}},"22":{"start":{"line":31,"column":0},"end":{"line":31,"column":9}},"23":{"start":{"line":31,"column":9},"end":{"line":31,"column":40}},"24":{"start":{"line":34,"column":0},"end":{"line":34,"column":9}},"25":{"start":{"line":34,"column":9},"end":{"line":34,"column":42}},"26":{"start":{"line":37,"column":0},"end":{"line":37,"column":9}},"27":{"start":{"line":37,"column":9},"end":{"line":37,"column":50}}},"fnMap":{"0":{"name":"(anonymous_0)","decl":{"start":{"line":2,"column":9},"end":{"line":2,"column":15}},"loc":{"start":{"line":2,"column":9},"end":{"line":2,"column":34}}},"1":{"name":"(anonymous_1)","decl":{"start":{"line":5,"column":9},"end":{"line":5,"column":14}},"loc":{"start":{"line":5,"column":9},"end":{"line":5,"column":32}}},"2":{"name":"(anonymous_2)","decl":{"start":{"line":8,"column":9},"end":{"line":8,"column":16}},"loc":{"start":{"line":8,"column":9},"end":{"line":8,"column":36}}},"3":{"name":"(anonymous_3)","decl":{"start":{"line":11,"column":9},"end":{"line":11,"column":13}},"loc":{"start":{"line":11,"column":9},"end":{"line":11,"column":30}}},"4":{"name":"(anonymous_4)","decl":{"start":{"line":14,"column":9},"end":{"line":14,"column":19}},"loc":{"start":{"line":14,"column":9},"end":{"line":14,"column":38}}},"5":{"name":"(anonymous_5)","decl":{"start":{"line":17,"column":9},"end":{"line":17,"column":15}},"loc":{"start":{"line":17,"column":9},"end":{"line":17,"column":34}}},"6":{"name":"(anonymous_6)","decl":{"start":{"line":20,"column":9},"end":{"line":20,"column":23}},"loc":{"start":{"line":20,"column":9},"end":{"line":20,"column":50}}},"7":{"name":"(anonymous_7)","decl":{"start":{"line":21,"column":9},"end":{"line":21,"column":19}},"loc":{"start":{"line":21,"column":9},"end":{"line":21,"column":42}}},"8":{"name":"(anonymous_8)","decl":{"start":{"line":22,"column":9},"end":{"line":22,"column":17}},"loc":{"start":{"line":22,"column":9},"end":{"line":22,"column":38}}},"9":{"name":"(anonymous_9)","decl":{"start":{"line":25,"column":9},"end":{"line":25,"column":20}},"loc":{"start":{"line":25,"column":9},"end":{"line":25,"column":44}}},"10":{"name":"(anonymous_10)","decl":{"start":{"line":28,"column":9},"end":{"line":28,"column":17}},"loc":{"start":{"line":28,"column":9},"end":{"line":28,"column":38}}},"11":{"name":"(anonymous_11)","decl":{"start":{"line":31,"column":9},"end":{"line":31,"column":18}},"loc":{"start":{"line":31,"column":9},"end":{"line":31,"column":40}}},"12":{"name":"(anonymous_12)","decl":{"start":{"line":34,"column":9},"end":{"line":34,"column":19}},"loc":{"start":{"line":34,"column":9},"end":{"line":34,"column":42}}},"13":{"name":"(anonymous_13)","decl":{"start":{"line":37,"column":9},"end":{"line":37,"column":23}},"loc":{"start":{"line":37,"column":9},"end":{"line":37,"column":50}}}},"branchMap":{},"s":{"0":1,"1":5,"2":1,"3":11,"4":1,"5":1,"6":1,"7":2,"8":1,"9":1,"10":1,"11":1,"12":1,"13":1,"14":1,"15":1,"16":1,"17":1,"18":1,"19":1,"20":1,"21":1,"22":1,"23":1,"24":1,"25":1,"26":1,"27":1},"f":{"0":4,"1":10,"2":0,"3":1,"4":0,"5":0,"6":0,"7":0,"8":0,"9":0,"10":0,"11":0,"12":0,"13":0},"b":{}}
,"C:\\Users\\user\\Bookstore\\src\\components\\AuthForm\\AuthForm.tsx": {"path":"C:\\Users\\user\\Bookstore\\src\\components\\AuthForm\\AuthForm.tsx","statementMap":{"0":{"start":{"line":2,"column":0},"end":{"line":2,"column":26}},"1":{"start":{"line":3,"column":0},"end":{"line":3,"column":39}},"2":{"start":{"line":4,"column":0},"end":{"line":4,"column":55}},"3":{"start":{"line":5,"column":0},"end":{"line":5,"column":46}},"4":{"start":{"line":21,"column":49},"end":{"line":333,"column":1}},"5":{"start":{"line":29,"column":34},"end":{"line":34,"column":4}},"6":{"start":{"line":36,"column":56},"end":{"line":36,"column":77}},"7":{"start":{"line":37,"column":42},"end":{"line":37,"column":63}},"8":{"start":{"line":38,"column":40},"end":{"line":38,"column":82}},"9":{"start":{"line":39,"column":32},"end":{"line":39,"column":75}},"10":{"start":{"line":41,"column":19},"end":{"line":41,"column":36}},"11":{"start":{"line":44,"column":22},"end":{"line":66,"column":3}},"12":{"start":{"line":45,"column":4},"end":{"line":65,"column":5}},"13":{"start":{"line":47,"column":8},"end":{"line":50,"column":46}},"14":{"start":{"line":53,"column":23},"end":{"line":53,"column":60}},"15":{"start":{"line":55,"column":6},"end":{"line":55,"column":41}},"16":{"start":{"line":58,"column":8},"end":{"line":59,"column":39}},"17":{"start":{"line":62,"column":23},"end":{"line":62,"column":60}},"18":{"start":{"line":64,"column":6},"end":{"line":64,"column":41}},"19":{"start":{"line":69,"column":24},"end":{"line":126,"column":3}},"20":{"start":{"line":70,"column":43},"end":{"line":70,"column":45}},"21":{"start":{"line":72,"column":4},"end":{"line":113,"column":5}},"22":{"start":{"line":73,"column":6},"end":{"line":75,"column":7}},"23":{"start":{"line":74,"column":8},"end":{"line":74,"column":41}},"24":{"start":{"line":77,"column":6},"end":{"line":81,"column":7}},"25":{"start":{"line":78,"column":8},"end":{"line":80,"column":9}},"26":{"start":{"line":79,"column":10},"end":{"line":79,"column":62}},"27":{"start":{"line":83,"column":6},"end":{"line":87,"column":7}},"28":{"start":{"line":84,"column":8},"end":{"line":86,"column":9}},"29":{"start":{"line":85,"column":10},"end":{"line":85,"column":69}},"30":{"start":{"line":89,"column":6},"end":{"line":93,"column":7}},"31":{"start":{"line":90,"column":8},"end":{"line":92,"column":9}},"32":{"start":{"line":91,"column":10},"end":{"line":91,"column":60}},"33":{"start":{"line":95,"column":6},"end":{"line":105,"column":7}},"34":{"start":{"line":96,"column":8},"end":{"line":104,"column":9}},"35":{"start":{"line":97,"column":10},"end":{"line":97,"column":60}},"36":{"start":{"line":99,"column":10},"end":{"line":103,"column":13}},"37":{"start":{"line":100,"column":27},"end":{"line":100,"column":41}},"38":{"start":{"line":101,"column":12},"end":{"line":101,"column":45}},"39":{"start":{"line":102,"column":12},"end":{"line":102,"column":29}},"40":{"start":{"line":107,"column":6},"end":{"line":109,"column":7}},"41":{"start":{"line":108,"column":8},"end":{"line":108,"column":60}},"42":{"start":{"line":110,"column":6},"end":{"line":112,"column":7}},"43":{"start":{"line":111,"column":8},"end":{"line":111,"column":67}},"44":{"start":{"line":115,"column":4},"end":{"line":125,"column":7}},"45":{"start":{"line":116,"column":21},"end":{"line":116,"column":35}},"46":{"start":{"line":118,"column":6},"end":{"line":122,"column":7}},"47":{"start":{"line":119,"column":8},"end":{"line":119,"column":32}},"48":{"start":{"line":121,"column":8},"end":{"line":121,"column":41}},"49":{"start":{"line":124,"column":6},"end":{"line":124,"column":23}},"50":{"start":{"line":128,"column":23},"end":{"line":134,"column":3}},"51":{"start":{"line":129,"column":4},"end":{"line":129,"column":55}},"52":{"start":{"line":129,"column":24},"end":{"line":129,"column":53}},"53":{"start":{"line":131,"column":4},"end":{"line":133,"column":5}},"54":{"start":{"line":132,"column":6},"end":{"line":132,"column":34}},"55":{"start":{"line":136,"column":21},"end":{"line":142,"column":3}},"56":{"start":{"line":137,"column":4},"end":{"line":137,"column":53}},"57":{"start":{"line":137,"column":23},"end":{"line":137,"column":51}},"58":{"start":{"line":138,"column":18},"end":{"line":138,"column":58}},"59":{"start":{"line":139,"column":4},"end":{"line":141,"column":5}},"60":{"start":{"line":140,"column":6},"end":{"line":140,"column":34}},"61":{"start":{"line":144,"column":23},"end":{"line":186,"column":3}},"62":{"start":{"line":145,"column":4},"end":{"line":145,"column":23}},"63":{"start":{"line":148,"column":48},"end":{"line":148,"column":50}},"64":{"start":{"line":149,"column":4},"end":{"line":157,"column":5}},"65":{"start":{"line":150,"column":6},"end":{"line":150,"column":29}},"66":{"start":{"line":151,"column":6},"end":{"line":151,"column":30}},"67":{"start":{"line":152,"column":6},"end":{"line":152,"column":33}},"68":{"start":{"line":153,"column":6},"end":{"line":153,"column":40}},"69":{"start":{"line":155,"column":6},"end":{"line":155,"column":30}},"70":{"start":{"line":156,"column":6},"end":{"line":156,"column":33}},"71":{"start":{"line":158,"column":4},"end":{"line":158,"column":27}},"72":{"start":{"line":161,"column":48},"end":{"line":161,"column":50}},"73":{"start":{"line":163,"column":4},"end":{"line":177,"column":5}},"74":{"start":{"line":164,"column":6},"end":{"line":164,"column":71}},"75":{"start":{"line":164,"column":33},"end":{"line":164,"column":71}},"76":{"start":{"line":165,"column":6},"end":{"line":166,"column":83}},"77":{"start":{"line":165,"column":34},"end":{"line":165,"column":74}},"78":{"start":{"line":166,"column":11},"end":{"line":166,"column":83}},"79":{"start":{"line":166,"column":47},"end":{"line":166,"column":83}},"80":{"start":{"line":167,"column":6},"end":{"line":168,"column":109}},"81":{"start":{"line":167,"column":37},"end":{"line":167,"column":83}},"82":{"start":{"line":168,"column":11},"end":{"line":168,"column":109}},"83":{"start":{"line":168,"column":45},"end":{"line":168,"column":109}},"84":{"start":{"line":169,"column":6},"end":{"line":172,"column":7}},"85":{"start":{"line":169,"column":44},"end":{"line":169,"column":105}},"86":{"start":{"line":170,"column":11},"end":{"line":172,"column":7}},"87":{"start":{"line":171,"column":8},"end":{"line":171,"column":63}},"88":{"start":{"line":174,"column":6},"end":{"line":175,"column":83}},"89":{"start":{"line":174,"column":34},"end":{"line":174,"column":74}},"90":{"start":{"line":175,"column":11},"end":{"line":175,"column":83}},"91":{"start":{"line":175,"column":47},"end":{"line":175,"column":83}},"92":{"start":{"line":176,"column":6},"end":{"line":176,"column":83}},"93":{"start":{"line":176,"column":37},"end":{"line":176,"column":83}},"94":{"start":{"line":179,"column":4},"end":{"line":182,"column":5}},"95":{"start":{"line":180,"column":6},"end":{"line":180,"column":34}},"96":{"start":{"line":181,"column":6},"end":{"line":181,"column":13}},"97":{"start":{"line":184,"column":4},"end":{"line":184,"column":26}},"98":{"start":{"line":185,"column":4},"end":{"line":185,"column":23}},"99":{"start":{"line":188,"column":25},"end":{"line":202,"column":3}},"100":{"start":{"line":189,"column":4},"end":{"line":201,"column":5}},"101":{"start":{"line":190,"column":6},"end":{"line":190,"column":28}},"102":{"start":{"line":191,"column":6},"end":{"line":196,"column":9}},"103":{"start":{"line":197,"column":6},"end":{"line":197,"column":36}},"104":{"start":{"line":198,"column":6},"end":{"line":198,"column":29}},"105":{"start":{"line":199,"column":6},"end":{"line":199,"column":25}},"106":{"start":{"line":200,"column":6},"end":{"line":200,"column":21}},"107":{"start":{"line":205,"column":2},"end":{"line":211,"column":43}},"108":{"start":{"line":207,"column":4},"end":{"line":210,"column":5}},"109":{"start":{"line":208,"column":6},"end":{"line":208,"column":75}},"110":{"start":{"line":209,"column":6},"end":{"line":209,"column":35}},"111":{"start":{"line":213,"column":32},"end":{"line":219,"column":3}},"112":{"start":{"line":214,"column":4},"end":{"line":214,"column":34}},"113":{"start":{"line":215,"column":4},"end":{"line":215,"column":27}},"114":{"start":{"line":216,"column":4},"end":{"line":216,"column":23}},"115":{"start":{"line":217,"column":4},"end":{"line":217,"column":19}},"116":{"start":{"line":218,"column":4},"end":{"line":218,"column":27}},"117":{"start":{"line":222,"column":2},"end":{"line":241,"column":3}},"118":{"start":{"line":223,"column":4},"end":{"line":240,"column":6}},"119":{"start":{"line":243,"column":2},"end":{"line":332,"column":4}},"120":{"start":{"line":248,"column":25},"end":{"line":248,"column":49}},"121":{"start":{"line":254,"column":25},"end":{"line":254,"column":49}},"122":{"start":{"line":267,"column":33},"end":{"line":267,"column":60}},"123":{"start":{"line":268,"column":26},"end":{"line":268,"column":44}},"124":{"start":{"line":279,"column":31},"end":{"line":279,"column":59}},"125":{"start":{"line":280,"column":24},"end":{"line":280,"column":43}},"126":{"start":{"line":290,"column":31},"end":{"line":290,"column":62}},"127":{"start":{"line":291,"column":24},"end":{"line":291,"column":46}},"128":{"start":{"line":302,"column":33},"end":{"line":302,"column":71}},"129":{"start":{"line":303,"column":26},"end":{"line":303,"column":55}},"130":{"start":{"line":21,"column":13},"end":{"line":21,"column":49}},"131":{"start":{"line":336,"column":17},"end":{"line":340,"column":2}},"132":{"start":{"line":342,"column":15},"end":{"line":346,"column":2}},"133":{"start":{"line":348,"column":12},"end":{"line":363,"column":2}},"134":{"start":{"line":356,"column":38},"end":{"line":356,"column":79}},"135":{"start":{"line":357,"column":20},"end":{"line":357,"column":54}},"136":{"start":{"line":365,"column":13},"end":{"line":369,"column":2}},"137":{"start":{"line":371,"column":21},"end":{"line":379,"column":2}},"138":{"start":{"line":381,"column":27},"end":{"line":391,"column":2}},"139":{"start":{"line":393,"column":23},"end":{"line":396,"column":2}},"140":{"start":{"line":398,"column":20},"end":{"line":401,"column":2}},"141":{"start":{"line":403,"column":21},"end":{"line":407,"column":2}},"142":{"start":{"line":409,"column":20},"end":{"line":413,"column":2}},"143":{"start":{"line":415,"column":0},"end":{"line":415,"column":24}}},"fnMap":{"0":{"name":"(anonymous_1)","decl":{"start":{"line":21,"column":49},"end":{"line":21,"column":50}},"loc":{"start":{"line":28,"column":5},"end":{"line":333,"column":1}}},"1":{"name":"(anonymous_2)","decl":{"start":{"line":44,"column":22},"end":{"line":44,"column":25}},"loc":{"start":{"line":44,"column":27},"end":{"line":66,"column":3}}},"2":{"name":"(anonymous_3)","decl":{"start":{"line":69,"column":24},"end":{"line":69,"column":25}},"loc":{"start":{"line":69,"column":57},"end":{"line":126,"column":3}}},"3":{"name":"(anonymous_4)","decl":{"start":{"line":99,"column":25},"end":{"line":99,"column":29}},"loc":{"start":{"line":99,"column":32},"end":{"line":103,"column":11}}},"4":{"name":"(anonymous_5)","decl":{"start":{"line":115,"column":19},"end":{"line":115,"column":23}},"loc":{"start":{"line":115,"column":26},"end":{"line":125,"column":5}}},"5":{"name":"(anonymous_6)","decl":{"start":{"line":128,"column":23},"end":{"line":128,"column":24}},"loc":{"start":{"line":128,"column":56},"end":{"line":134,"column":3}}},"6":{"name":"(anonymous_7)","decl":{"start":{"line":129,"column":16},"end":{"line":129,"column":20}},"loc":{"start":{"line":129,"column":24},"end":{"line":129,"column":53}}},"7":{"name":"(anonymous_8)","decl":{"start":{"line":136,"column":21},"end":{"line":136,"column":22}},"loc":{"start":{"line":136,"column":39},"end":{"line":142,"column":3}}},"8":{"name":"(anonymous_9)","decl":{"start":{"line":137,"column":15},"end":{"line":137,"column":19}},"loc":{"start":{"line":137,"column":23},"end":{"line":137,"column":51}}},"9":{"name":"(anonymous_10)","decl":{"start":{"line":144,"column":23},"end":{"line":144,"column":24}},"loc":{"start":{"line":144,"column":46},"end":{"line":186,"column":3}}},"10":{"name":"(anonymous_11)","decl":{"start":{"line":188,"column":25},"end":{"line":188,"column":26}},"loc":{"start":{"line":188,"column":58},"end":{"line":202,"column":3}}},"11":{"name":"(anonymous_12)","decl":{"start":{"line":205,"column":18},"end":{"line":205,"column":21}},"loc":{"start":{"line":205,"column":23},"end":{"line":211,"column":3}}},"12":{"name":"(anonymous_13)","decl":{"start":{"line":213,"column":32},"end":{"line":213,"column":35}},"loc":{"start":{"line":213,"column":37},"end":{"line":219,"column":3}}},"13":{"name":"(anonymous_14)","decl":{"start":{"line":248,"column":19},"end":{"line":248,"column":22}},"loc":{"start":{"line":248,"column":25},"end":{"line":248,"column":49}}},"14":{"name":"(anonymous_15)","decl":{"start":{"line":254,"column":19},"end":{"line":254,"column":22}},"loc":{"start":{"line":254,"column":25},"end":{"line":254,"column":49}}},"15":{"name":"(anonymous_16)","decl":{"start":{"line":267,"column":22},"end":{"line":267,"column":23}},"loc":{"start":{"line":267,"column":33},"end":{"line":267,"column":60}}},"16":{"name":"(anonymous_17)","decl":{"start":{"line":268,"column":20},"end":{"line":268,"column":23}},"loc":{"start":{"line":268,"column":26},"end":{"line":268,"column":44}}},"17":{"name":"(anonymous_18)","decl":{"start":{"line":279,"column":20},"end":{"line":279,"column":21}},"loc":{"start":{"line":279,"column":31},"end":{"line":279,"column":59}}},"18":{"name":"(anonymous_19)","decl":{"start":{"line":280,"column":18},"end":{"line":280,"column":21}},"loc":{"start":{"line":280,"column":24},"end":{"line":280,"column":43}}},"19":{"name":"(anonymous_20)","decl":{"start":{"line":290,"column":20},"end":{"line":290,"column":21}},"loc":{"start":{"line":290,"column":31},"end":{"line":290,"column":62}}},"20":{"name":"(anonymous_21)","decl":{"start":{"line":291,"column":18},"end":{"line":291,"column":21}},"loc":{"start":{"line":291,"column":24},"end":{"line":291,"column":46}}},"21":{"name":"(anonymous_22)","decl":{"start":{"line":302,"column":22},"end":{"line":302,"column":23}},"loc":{"start":{"line":302,"column":33},"end":{"line":302,"column":71}}},"22":{"name":"(anonymous_23)","decl":{"start":{"line":303,"column":20},"end":{"line":303,"column":23}},"loc":{"start":{"line":303,"column":26},"end":{"line":303,"column":55}}},"23":{"name":"(anonymous_24)","decl":{"start":{"line":356,"column":29},"end":{"line":356,"column":34}},"loc":{"start":{"line":356,"column":38},"end":{"line":356,"column":79}}},"24":{"name":"(anonymous_25)","decl":{"start":{"line":357,"column":11},"end":{"line":357,"column":16}},"loc":{"start":{"line":357,"column":20},"end":{"line":357,"column":54}}}},"branchMap":{"0":{"loc":{"start":{"line":23,"column":2},"end":{"line":23,"column":17}},"type":"default-arg","locations":[{"start":{"line":23,"column":12},"end":{"line":23,"column":17}}]},"1":{"loc":{"start":{"line":24,"column":2},"end":{"line":24,"column":14}},"type":"default-arg","locations":[{"start":{"line":24,"column":10},"end":{"line":24,"column":14}}]},"2":{"loc":{"start":{"line":45,"column":4},"end":{"line":65,"column":5}},"type":"if","locations":[{"start":{"line":45,"column":4},"end":{"line":65,"column":5}},{"start":{"line":56,"column":11},"end":{"line":65,"column":5}}]},"3":{"loc":{"start":{"line":47,"column":8},"end":{"line":50,"column":46}},"type":"binary-expr","locations":[{"start":{"line":47,"column":8},"end":{"line":47,"column":35}},{"start":{"line":48,"column":8},"end":{"line":48,"column":36}},{"start":{"line":49,"column":8},"end":{"line":49,"column":39}},{"start":{"line":50,"column":8},"end":{"line":50,"column":46}}]},"4":{"loc":{"start":{"line":55,"column":13},"end":{"line":55,"column":40}},"type":"binary-expr","locations":[{"start":{"line":55,"column":13},"end":{"line":55,"column":28}},{"start":{"line":55,"column":32},"end":{"line":55,"column":40}}]},"5":{"loc":{"start":{"line":58,"column":8},"end":{"line":59,"column":39}},"type":"binary-expr","locations":[{"start":{"line":58,"column":8},"end":{"line":58,"column":36}},{"start":{"line":59,"column":8},"end":{"line":59,"column":39}}]},"6":{"loc":{"start":{"line":64,"column":13},"end":{"line":64,"column":40}},"type":"binary-expr","locations":[{"start":{"line":64,"column":13},"end":{"line":64,"column":28}},{"start":{"line":64,"column":32},"end":{"line":64,"column":40}}]},"7":{"loc":{"start":{"line":72,"column":4},"end":{"line":113,"column":5}},"type":"if","locations":[{"start":{"line":72,"column":4},"end":{"line":113,"column":5}},{"start":{"line":106,"column":11},"end":{"line":113,"column":5}}]},"8":{"loc":{"start":{"line":73,"column":6},"end":{"line":75,"column":7}},"type":"if","locations":[{"start":{"line":73,"column":6},"end":{"line":75,"column":7}}]},"9":{"loc":{"start":{"line":73,"column":10},"end":{"line":73,"column":59}},"type":"binary-expr","locations":[{"start":{"line":73,"column":10},"end":{"line":73,"column":26}},{"start":{"line":73,"column":30},"end":{"line":73,"column":42}},{"start":{"line":73,"column":46},"end":{"line":73,"column":59}}]},"10":{"loc":{"start":{"line":77,"column":6},"end":{"line":81,"column":7}},"type":"if","locations":[{"start":{"line":77,"column":6},"end":{"line":81,"column":7}}]},"11":{"loc":{"start":{"line":77,"column":10},"end":{"line":77,"column":43}},"type":"binary-expr","locations":[{"start":{"line":77,"column":10},"end":{"line":77,"column":27}},{"start":{"line":77,"column":31},"end":{"line":77,"column":43}}]},"12":{"loc":{"start":{"line":78,"column":8},"end":{"line":80,"column":9}},"type":"if","locations":[{"start":{"line":78,"column":8},"end":{"line":80,"column":9}}]},"13":{"loc":{"start":{"line":83,"column":6},"end":{"line":87,"column":7}},"type":"if","locations":[{"start":{"line":83,"column":6},"end":{"line":87,"column":7}}]},"14":{"loc":{"start":{"line":83,"column":10},"end":{"line":83,"column":39}},"type":"binary-expr","locations":[{"start":{"line":83,"column":10},"end":{"line":83,"column":30}},{"start":{"line":83,"column":34},"end":{"line":83,"column":39}}]},"15":{"loc":{"start":{"line":84,"column":8},"end":{"line":86,"column":9}},"type":"if","locations":[{"start":{"line":84,"column":8},"end":{"line":86,"column":9}}]},"16":{"loc":{"start":{"line":89,"column":6},"end":{"line":93,"column":7}},"type":"if","locations":[{"start":{"line":89,"column":6},"end":{"line":93,"column":7}}]},"17":{"loc":{"start":{"line":89,"column":10},"end":{"line":89,"column":67}},"type":"binary-expr","locations":[{"start":{"line":89,"column":10},"end":{"line":89,"column":37}},{"start":{"line":89,"column":41},"end":{"line":89,"column":46}},{"start":{"line":89,"column":50},"end":{"line":89,"column":67}}]},"18":{"loc":{"start":{"line":90,"column":8},"end":{"line":92,"column":9}},"type":"if","locations":[{"start":{"line":90,"column":8},"end":{"line":92,"column":9}}]},"19":{"loc":{"start":{"line":95,"column":6},"end":{"line":105,"column":7}},"type":"if","locations":[{"start":{"line":95,"column":6},"end":{"line":105,"column":7}}]},"20":{"loc":{"start":{"line":95,"column":10},"end":{"line":95,"column":58}},"type":"binary-expr","locations":[{"start":{"line":95,"column":10},"end":{"line":95,"column":30}},{"start":{"line":95,"column":34},"end":{"line":95,"column":58}}]},"21":{"loc":{"start":{"line":96,"column":8},"end":{"line":104,"column":9}},"type":"if","locations":[{"start":{"line":96,"column":8},"end":{"line":104,"column":9}},{"start":{"line":98,"column":15},"end":{"line":104,"column":9}}]},"22":{"loc":{"start":{"line":107,"column":6},"end":{"line":109,"column":7}},"type":"if","locations":[{"start":{"line":107,"column":6},"end":{"line":109,"column":7}}]},"23":{"loc":{"start":{"line":107,"column":10},"end":{"line":107,"column":68}},"type":"binary-expr","locations":[{"start":{"line":107,"column":10},"end":{"line":107,"column":27}},{"start":{"line":107,"column":31},"end":{"line":107,"column":43}},{"start":{"line":107,"column":47},"end":{"line":107,"column":68}}]},"24":{"loc":{"start":{"line":110,"column":6},"end":{"line":112,"column":7}},"type":"if","locations":[{"start":{"line":110,"column":6},"end":{"line":112,"column":7}}]},"25":{"loc":{"start":{"line":110,"column":10},"end":{"line":110,"column":59}},"type":"binary-expr","locations":[{"start":{"line":110,"column":10},"end":{"line":110,"column":30}},{"start":{"line":110,"column":34},"end":{"line":110,"column":39}},{"start":{"line":110,"column":43},"end":{"line":110,"column":59}}]},"26":{"loc":{"start":{"line":118,"column":6},"end":{"line":122,"column":7}},"type":"if","locations":[{"start":{"line":118,"column":6},"end":{"line":122,"column":7}},{"start":{"line":120,"column":13},"end":{"line":122,"column":7}}]},"27":{"loc":{"start":{"line":131,"column":4},"end":{"line":133,"column":5}},"type":"if","locations":[{"start":{"line":131,"column":4},"end":{"line":133,"column":5}}]},"28":{"loc":{"start":{"line":131,"column":8},"end":{"line":131,"column":31}},"type":"binary-expr","locations":[{"start":{"line":131,"column":8},"end":{"line":131,"column":22}},{"start":{"line":131,"column":26},"end":{"line":131,"column":31}}]},"29":{"loc":{"start":{"line":139,"column":4},"end":{"line":141,"column":5}},"type":"if","locations":[{"start":{"line":139,"column":4},"end":{"line":141,"column":5}}]},"30":{"loc":{"start":{"line":149,"column":4},"end":{"line":157,"column":5}},"type":"if","locations":[{"start":{"line":149,"column":4},"end":{"line":157,"column":5}},{"start":{"line":154,"column":11},"end":{"line":157,"column":5}}]},"31":{"loc":{"start":{"line":163,"column":4},"end":{"line":177,"column":5}},"type":"if","locations":[{"start":{"line":163,"column":4},"end":{"line":177,"column":5}},{"start":{"line":173,"column":11},"end":{"line":177,"column":5}}]},"32":{"loc":{"start":{"line":164,"column":6},"end":{"line":164,"column":71}},"type":"if","locations":[{"start":{"line":164,"column":6},"end":{"line":164,"column":71}}]},"33":{"loc":{"start":{"line":165,"column":6},"end":{"line":166,"column":83}},"type":"if","locations":[{"start":{"line":165,"column":6},"end":{"line":166,"column":83}},{"start":{"line":166,"column":11},"end":{"line":166,"column":83}}]},"34":{"loc":{"start":{"line":166,"column":11},"end":{"line":166,"column":83}},"type":"if","locations":[{"start":{"line":166,"column":11},"end":{"line":166,"column":83}}]},"35":{"loc":{"start":{"line":167,"column":6},"end":{"line":168,"column":109}},"type":"if","locations":[{"start":{"line":167,"column":6},"end":{"line":168,"column":109}},{"start":{"line":168,"column":11},"end":{"line":168,"column":109}}]},"36":{"loc":{"start":{"line":168,"column":11},"end":{"line":168,"column":109}},"type":"if","locations":[{"start":{"line":168,"column":11},"end":{"line":168,"column":109}}]},"37":{"loc":{"start":{"line":169,"column":6},"end":{"line":172,"column":7}},"type":"if","locations":[{"start":{"line":169,"column":6},"end":{"line":172,"column":7}},{"start":{"line":170,"column":11},"end":{"line":172,"column":7}}]},"38":{"loc":{"start":{"line":170,"column":11},"end":{"line":172,"column":7}},"type":"if","locations":[{"start":{"line":170,"column":11},"end":{"line":172,"column":7}}]},"39":{"loc":{"start":{"line":174,"column":6},"end":{"line":175,"column":83}},"type":"if","locations":[{"start":{"line":174,"column":6},"end":{"line":175,"column":83}},{"start":{"line":175,"column":11},"end":{"line":175,"column":83}}]},"40":{"loc":{"start":{"line":175,"column":11},"end":{"line":175,"column":83}},"type":"if","locations":[{"start":{"line":175,"column":11},"end":{"line":175,"column":83}}]},"41":{"loc":{"start":{"line":176,"column":6},"end":{"line":176,"column":83}},"type":"if","locations":[{"start":{"line":176,"column":6},"end":{"line":176,"column":83}}]},"42":{"loc":{"start":{"line":179,"column":4},"end":{"line":182,"column":5}},"type":"if","locations":[{"start":{"line":179,"column":4},"end":{"line":182,"column":5}}]},"43":{"loc":{"start":{"line":189,"column":4},"end":{"line":201,"column":5}},"type":"if","locations":[{"start":{"line":189,"column":4},"end":{"line":201,"column":5}}]},"44":{"loc":{"start":{"line":207,"column":4},"end":{"line":210,"column":5}},"type":"if","locations":[{"start":{"line":207,"column":4},"end":{"line":210,"column":5}}]},"45":{"loc":{"start":{"line":207,"column":8},"end":{"line":207,"column":63}},"type":"binary-expr","locations":[{"start":{"line":207,"column":8},"end":{"line":207,"column":25}},{"start":{"line":207,"column":29},"end":{"line":207,"column":41}},{"start":{"line":207,"column":45},"end":{"line":207,"column":53}},{"start":{"line":207,"column":57},"end":{"line":207,"column":63}}]},"46":{"loc":{"start":{"line":222,"column":2},"end":{"line":241,"column":3}},"type":"if","locations":[{"start":{"line":222,"column":2},"end":{"line":241,"column":3}}]},"47":{"loc":{"start":{"line":261,"column":9},"end":{"line":271,"column":null}},"type":"binary-expr","locations":[{"start":{"line":261,"column":9},"end":{"line":261,"column":18}},{"start":{"line":262,"column":10},"end":{"line":270,"column":null}}]},"48":{"loc":{"start":{"line":269,"column":19},"end":{"line":269,"column":55}},"type":"cond-expr","locations":[{"start":{"line":269,"column":34},"end":{"line":269,"column":50}},{"start":{"line":269,"column":53},"end":{"line":269,"column":55}}]},"49":{"loc":{"start":{"line":281,"column":17},"end":{"line":281,"column":55}},"type":"cond-expr","locations":[{"start":{"line":281,"column":33},"end":{"line":281,"column":50}},{"start":{"line":281,"column":53},"end":{"line":281,"column":55}}]},"50":{"loc":{"start":{"line":292,"column":17},"end":{"line":292,"column":61}},"type":"cond-expr","locations":[{"start":{"line":292,"column":36},"end":{"line":292,"column":56}},{"start":{"line":292,"column":59},"end":{"line":292,"column":61}}]},"51":{"loc":{"start":{"line":296,"column":9},"end":{"line":306,"column":null}},"type":"binary-expr","locations":[{"start":{"line":296,"column":9},"end":{"line":296,"column":18}},{"start":{"line":297,"column":10},"end":{"line":305,"column":null}}]},"52":{"loc":{"start":{"line":304,"column":19},"end":{"line":304,"column":77}},"type":"cond-expr","locations":[{"start":{"line":304,"column":45},"end":{"line":304,"column":72}},{"start":{"line":304,"column":75},"end":{"line":304,"column":77}}]},"53":{"loc":{"start":{"line":309,"column":9},"end":{"line":312,"column":null}},"type":"binary-expr","locations":[{"start":{"line":309,"column":9},"end":{"line":309,"column":14}},{"start":{"line":310,"column":10},"end":{"line":311,"column":null}}]},"54":{"loc":{"start":{"line":315,"column":9},"end":{"line":318,"column":null}},"type":"binary-expr","locations":[{"start":{"line":315,"column":9},"end":{"line":315,"column":17}},{"start":{"line":316,"column":10},"end":{"line":316,"column":null}}]},"55":{"loc":{"start":{"line":326,"column":20},"end":{"line":326,"column":45}},"type":"binary-expr","locations":[{"start":{"line":326,"column":20},"end":{"line":326,"column":27}},{"start":{"line":326,"column":31},"end":{"line":326,"column":45}}]},"56":{"loc":{"start":{"line":328,"column":11},"end":{"line":328,"column":70}},"type":"cond-expr","locations":[{"start":{"line":328,"column":21},"end":{"line":328,"column":33}},{"start":{"line":328,"column":37},"end":{"line":328,"column":69}}]},"57":{"loc":{"start":{"line":328,"column":37},"end":{"line":328,"column":69}},"type":"cond-expr","locations":[{"start":{"line":328,"column":48},"end":{"line":328,"column":57}},{"start":{"line":328,"column":60},"end":{"line":328,"column":69}}]},"58":{"loc":{"start":{"line":356,"column":38},"end":{"line":356,"column":79}},"type":"cond-expr","locations":[{"start":{"line":356,"column":54},"end":{"line":356,"column":63}},{"start":{"line":356,"column":66},"end":{"line":356,"column":79}}]},"59":{"loc":{"start":{"line":357,"column":20},"end":{"line":357,"column":54}},"type":"cond-expr","locations":[{"start":{"line":357,"column":36},"end":{"line":357,"column":45}},{"start":{"line":357,"column":48},"end":{"line":357,"column":54}}]}},"s":{"0":1,"1":1,"2":1,"3":1,"4":1,"5":4,"6":4,"7":4,"8":4,"9":4,"10":4,"11":4,"12":4,"13":1,"14":1,"15":1,"16":3,"17":3,"18":3,"19":4,"20":0,"21":0,"22":0,"23":0,"24":0,"25":0,"26":0,"27":0,"28":0,"29":0,"30":0,"31":0,"32":0,"33":0,"34":0,"35":0,"36":0,"37":0,"38":0,"39":0,"40":0,"41":0,"42":0,"43":0,"44":0,"45":0,"46":0,"47":0,"48":0,"49":0,"50":4,"51":0,"52":0,"53":0,"54":0,"55":4,"56":0,"57":0,"58":0,"59":0,"60":0,"61":4,"62":0,"63":0,"64":0,"65":0,"66":0,"67":0,"68":0,"69":0,"70":0,"71":0,"72":0,"73":0,"74":0,"75":0,"76":0,"77":0,"78":0,"79":0,"80":0,"81":0,"82":0,"83":0,"84":0,"85":0,"86":0,"87":0,"88":0,"89":0,"90":0,"91":0,"92":0,"93":0,"94":0,"95":0,"96":0,"97":0,"98":0,"99":4,"100":1,"101":1,"102":1,"103":1,"104":1,"105":1,"106":1,"107":4,"108":3,"109":0,"110":0,"111":4,"112":0,"113":0,"114":0,"115":0,"116":0,"117":4,"118":0,"119":4,"120":0,"121":1,"122":0,"123":0,"124":0,"125":0,"126":0,"127":0,"128":0,"129":0,"130":1,"131":1,"132":1,"133":1,"134":8,"135":8,"136":1,"137":1,"138":1,"139":1,"140":1,"141":1,"142":1,"143":1},"f":{"0":4,"1":4,"2":0,"3":0,"4":0,"5":0,"6":0,"7":0,"8":0,"9":0,"10":1,"11":3,"12":0,"13":0,"14":1,"15":0,"16":0,"17":0,"18":0,"19":0,"20":0,"21":0,"22":0,"23":8,"24":8},"b":{"0":[4],"1":[4],"2":[1,3],"3":[1,0,0,0],"4":[1,0],"5":[3,0],"6":[3,0],"7":[0,0],"8":[0],"9":[0,0,0],"10":[0],"11":[0,0],"12":[0],"13":[0],"14":[0,0],"15":[0],"16":[0],"17":[0,0,0],"18":[0],"19":[0],"20":[0,0],"21":[0,0],"22":[0],"23":[0,0,0],"24":[0],"25":[0,0,0],"26":[0,0],"27":[0],"28":[0,0],"29":[0],"30":[0,0],"31":[0,0],"32":[0],"33":[0,0],"34":[0],"35":[0,0],"36":[0],"37":[0,0],"38":[0],"39":[0,0],"40":[0],"41":[0],"42":[0],"43":[1],"44":[0],"45":[3,1,0,0],"46":[0],"47":[4,1],"48":[0,1],"49":[0,4],"50":[0,4],"51":[4,1],"52":[0,1],"53":[4,0],"54":[4,3],"55":[4,4],"56":[0,4],"57":[3,1],"58":[4,4],"59":[4,4]}}
,"C:\\Users\\user\\Bookstore\\src\\components\\AuthForm\\index.ts": {"path":"C:\\Users\\user\\Bookstore\\src\\components\\AuthForm\\index.ts","statementMap":{"0":{"start":{"line":2,"column":0},"end":{"line":2,"column":9}},"1":{"start":{"line":2,"column":9},"end":{"line":2,"column":38}}},"fnMap":{"0":{"name":"(anonymous_0)","decl":{"start":{"line":2,"column":9},"end":{"line":2,"column":17}},"loc":{"start":{"line":2,"column":9},"end":{"line":2,"column":38}}}},"branchMap":{},"s":{"0":1,"1":4},"f":{"0":3},"b":{}}
,"C:\\Users\\user\\Bookstore\\src\\components\\BackButton\\BackButton.tsx": {"path":"C:\\Users\\user\\Bookstore\\src\\components\\BackButton\\BackButton.tsx","statementMap":{"0":{"start":{"line":3,"column":0},"end":{"line":3,"column":47}},"1":{"start":{"line":4,"column":0},"end":{"line":4,"column":39}},"2":{"start":{"line":11,"column":53},"end":{"line":30,"column":1}},"3":{"start":{"line":15,"column":19},"end":{"line":15,"column":32}},"4":{"start":{"line":17,"column":22},"end":{"line":23,"column":3}},"5":{"start":{"line":18,"column":4},"end":{"line":22,"column":5}},"6":{"start":{"line":19,"column":6},"end":{"line":19,"column":16}},"7":{"start":{"line":21,"column":6},"end":{"line":21,"column":19}},"8":{"start":{"line":25,"column":2},"end":{"line":29,"column":4}},"9":{"start":{"line":11,"column":13},"end":{"line":11,"column":53}},"10":{"start":{"line":32,"column":15},"end":{"line":47,"column":2}}},"fnMap":{"0":{"name":"(anonymous_1)","decl":{"start":{"line":11,"column":53},"end":{"line":11,"column":54}},"loc":{"start":{"line":14,"column":5},"end":{"line":30,"column":1}}},"1":{"name":"(anonymous_2)","decl":{"start":{"line":17,"column":22},"end":{"line":17,"column":25}},"loc":{"start":{"line":17,"column":27},"end":{"line":23,"column":3}}}},"branchMap":{"0":{"loc":{"start":{"line":18,"column":4},"end":{"line":22,"column":5}},"type":"if","locations":[{"start":{"line":18,"column":4},"end":{"line":22,"column":5}},{"start":{"line":20,"column":11},"end":{"line":22,"column":5}}]}},"s":{"0":1,"1":1,"2":1,"3":0,"4":0,"5":0,"6":0,"7":0,"8":0,"9":1,"10":1},"f":{"0":0,"1":0},"b":{"0":[0,0]}}
,"C:\\Users\\user\\Bookstore\\src\\components\\BackButton\\index.ts": {"path":"C:\\Users\\user\\Bookstore\\src\\components\\BackButton\\index.ts","statementMap":{"0":{"start":{"line":2,"column":0},"end":{"line":2,"column":9}},"1":{"start":{"line":2,"column":9},"end":{"line":2,"column":42}}},"fnMap":{"0":{"name":"(anonymous_0)","decl":{"start":{"line":2,"column":9},"end":{"line":2,"column":19}},"loc":{"start":{"line":2,"column":9},"end":{"line":2,"column":42}}}},"branchMap":{},"s":{"0":1,"1":1},"f":{"0":0},"b":{}}
,"C:\\Users\\user\\Bookstore\\src\\components\\BookCard\\BookCard.tsx": {"path":"C:\\Users\\user\\Bookstore\\src\\components\\BookCard\\BookCard.tsx","statementMap":{"0":{"start":{"line":3,"column":0},"end":{"line":3,"column":40}},"1":{"start":{"line":4,"column":0},"end":{"line":4,"column":39}},"2":{"start":{"line":5,"column":0},"end":{"line":5,"column":35}},"3":{"start":{"line":6,"column":0},"end":{"line":6,"column":39}},"4":{"start":{"line":7,"column":0},"end":{"line":7,"column":72}},"5":{"start":{"line":19,"column":49},"end":{"line":106,"column":1}},"6":{"start":{"line":27,"column":27},"end":{"line":29,"column":3}},"7":{"start":{"line":28,"column":4},"end":{"line":28,"column":92}},"8":{"start":{"line":31,"column":25},"end":{"line":31,"column":48}},"9":{"start":{"line":32,"column":17},"end":{"line":32,"column":42}},"10":{"start":{"line":35,"column":29},"end":{"line":35,"column":76}},"11":{"start":{"line":36,"column":31},"end":{"line":36,"column":81}},"12":{"start":{"line":38,"column":2},"end":{"line":58,"column":3}},"13":{"start":{"line":39,"column":4},"end":{"line":57,"column":6}},"14":{"start":{"line":60,"column":2},"end":{"line":105,"column":4}},"15":{"start":{"line":19,"column":13},"end":{"line":19,"column":49}},"16":{"start":{"line":109,"column":17},"end":{"line":118,"column":2}},"17":{"start":{"line":120,"column":18},"end":{"line":127,"column":2}},"18":{"start":{"line":129,"column":17},"end":{"line":136,"column":2}},"19":{"start":{"line":138,"column":18},"end":{"line":151,"column":2}},"20":{"start":{"line":153,"column":21},"end":{"line":161,"column":2}},"21":{"start":{"line":163,"column":29},"end":{"line":168,"column":2}},"22":{"start":{"line":170,"column":18},"end":{"line":174,"column":2}},"23":{"start":{"line":177,"column":17},"end":{"line":183,"column":2}},"24":{"start":{"line":185,"column":20},"end":{"line":189,"column":2}},"25":{"start":{"line":191,"column":18},"end":{"line":197,"column":2}},"26":{"start":{"line":199,"column":17},"end":{"line":204,"column":2}},"27":{"start":{"line":206,"column":18},"end":{"line":216,"column":2}},"28":{"start":{"line":218,"column":20},"end":{"line":223,"column":2}},"29":{"start":{"line":225,"column":24},"end":{"line":230,"column":2}},"30":{"start":{"line":232,"column":18},"end":{"line":236,"column":2}},"31":{"start":{"line":238,"column":20},"end":{"line":242,"column":2}},"32":{"start":{"line":244,"column":0},"end":{"line":244,"column":24}}},"fnMap":{"0":{"name":"(anonymous_1)","decl":{"start":{"line":19,"column":49},"end":{"line":19,"column":50}},"loc":{"start":{"line":26,"column":5},"end":{"line":106,"column":1}}},"1":{"name":"(anonymous_2)","decl":{"start":{"line":27,"column":27},"end":{"line":27,"column":28}},"loc":{"start":{"line":27,"column":80},"end":{"line":29,"column":3}}}},"branchMap":{"0":{"loc":{"start":{"line":21,"column":2},"end":{"line":21,"column":18}},"type":"default-arg","locations":[{"start":{"line":21,"column":12},"end":{"line":21,"column":18}}]},"1":{"loc":{"start":{"line":24,"column":2},"end":{"line":24,"column":21}},"type":"default-arg","locations":[{"start":{"line":24,"column":16},"end":{"line":24,"column":21}}]},"2":{"loc":{"start":{"line":25,"column":2},"end":{"line":25,"column":23}},"type":"default-arg","locations":[{"start":{"line":25,"column":18},"end":{"line":25,"column":23}}]},"3":{"loc":{"start":{"line":35,"column":42},"end":{"line":35,"column":71}},"type":"binary-expr","locations":[{"start":{"line":35,"column":42},"end":{"line":35,"column":52}},{"start":{"line":35,"column":56},"end":{"line":35,"column":71}}]},"4":{"loc":{"start":{"line":36,"column":44},"end":{"line":36,"column":76}},"type":"binary-expr","locations":[{"start":{"line":36,"column":44},"end":{"line":36,"column":56}},{"start":{"line":36,"column":60},"end":{"line":36,"column":76}}]},"5":{"loc":{"start":{"line":38,"column":2},"end":{"line":58,"column":3}},"type":"if","locations":[{"start":{"line":38,"column":2},"end":{"line":58,"column":3}}]},"6":{"loc":{"start":{"line":42,"column":15},"end":{"line":42,"column":94}},"type":"binary-expr","locations":[{"start":{"line":42,"column":15},"end":{"line":42,"column":25}},{"start":{"line":42,"column":29},"end":{"line":42,"column":94}}]},"7":{"loc":{"start":{"line":43,"column":15},"end":{"line":43,"column":41}},"type":"binary-expr","locations":[{"start":{"line":43,"column":15},"end":{"line":43,"column":25}},{"start":{"line":43,"column":29},"end":{"line":43,"column":41}}]},"8":{"loc":{"start":{"line":48,"column":13},"end":{"line":48,"column":42}},"type":"binary-expr","locations":[{"start":{"line":48,"column":13},"end":{"line":48,"column":23}},{"start":{"line":48,"column":27},"end":{"line":48,"column":42}}]},"9":{"loc":{"start":{"line":50,"column":25},"end":{"line":50,"column":44}},"type":"binary-expr","locations":[{"start":{"line":50,"column":25},"end":{"line":50,"column":38}},{"start":{"line":50,"column":42},"end":{"line":50,"column":44}}]},"10":{"loc":{"start":{"line":64,"column":15},"end":{"line":64,"column":94}},"type":"binary-expr","locations":[{"start":{"line":64,"column":15},"end":{"line":64,"column":25}},{"start":{"line":64,"column":29},"end":{"line":64,"column":94}}]},"11":{"loc":{"start":{"line":65,"column":15},"end":{"line":65,"column":41}},"type":"binary-expr","locations":[{"start":{"line":65,"column":15},"end":{"line":65,"column":25}},{"start":{"line":65,"column":29},"end":{"line":65,"column":41}}]},"12":{"loc":{"start":{"line":76,"column":41},"end":{"line":76,"column":78}},"type":"binary-expr","locations":[{"start":{"line":76,"column":41},"end":{"line":76,"column":55}},{"start":{"line":76,"column":59},"end":{"line":76,"column":78}}]},"13":{"loc":{"start":{"line":83,"column":11},"end":{"line":100,"column":null}},"type":"binary-expr","locations":[{"start":{"line":83,"column":11},"end":{"line":83,"column":22}},{"start":{"line":84,"column":12},"end":{"line":99,"column":null}}]},"14":{"loc":{"start":{"line":98,"column":17},"end":{"line":98,"column":77}},"type":"cond-expr","locations":[{"start":{"line":98,"column":33},"end":{"line":98,"column":56}},{"start":{"line":98,"column":59},"end":{"line":98,"column":77}}]}},"s":{"0":2,"1":2,"2":2,"3":2,"4":2,"5":2,"6":2,"7":0,"8":2,"9":2,"10":2,"11":2,"12":2,"13":2,"14":0,"15":2,"16":2,"17":2,"18":2,"19":2,"20":2,"21":2,"22":2,"23":2,"24":2,"25":2,"26":2,"27":2,"28":2,"29":2,"30":2,"31":2,"32":2},"f":{"0":2,"1":0},"b":{"0":[0],"1":[2],"2":[2],"3":[2,0],"4":[2,0],"5":[2],"6":[2,0],"7":[2,0],"8":[2,0],"9":[2,2],"10":[0,0],"11":[0,0],"12":[0,0],"13":[0,0],"14":[0,0]}}
,"C:\\Users\\user\\Bookstore\\src\\components\\BookCard\\index.ts": {"path":"C:\\Users\\user\\Bookstore\\src\\components\\BookCard\\index.ts","statementMap":{"0":{"start":{"line":2,"column":0},"end":{"line":2,"column":9}},"1":{"start":{"line":2,"column":9},"end":{"line":2,"column":38}}},"fnMap":{"0":{"name":"(anonymous_0)","decl":{"start":{"line":2,"column":9},"end":{"line":2,"column":17}},"loc":{"start":{"line":2,"column":9},"end":{"line":2,"column":38}}}},"branchMap":{},"s":{"0":2,"1":4},"f":{"0":2},"b":{}}
,"C:\\Users\\user\\Bookstore\\src\\components\\BookCarousel\\BookCarousel.tsx": {"path":"C:\\Users\\user\\Bookstore\\src\\components\\BookCarousel\\BookCarousel.tsx","statementMap":{"0":{"start":{"line":2,"column":0},"end":{"line":2,"column":40}},"1":{"start":{"line":3,"column":0},"end":{"line":3,"column":39}},"2":{"start":{"line":4,"column":0},"end":{"line":4,"column":71}},"3":{"start":{"line":12,"column":57},"end":{"line":84,"column":1}},"4":{"start":{"line":13,"column":42},"end":{"line":13,"column":53}},"5":{"start":{"line":15,"column":20},"end":{"line":19,"column":3}},"6":{"start":{"line":16,"column":4},"end":{"line":18,"column":6}},"7":{"start":{"line":17,"column":6},"end":{"line":17,"column":56}},"8":{"start":{"line":21,"column":20},"end":{"line":25,"column":3}},"9":{"start":{"line":22,"column":4},"end":{"line":24,"column":6}},"10":{"start":{"line":23,"column":6},"end":{"line":23,"column":56}},"11":{"start":{"line":28,"column":26},"end":{"line":34,"column":3}},"12":{"start":{"line":29,"column":4},"end":{"line":29,"column":48}},"13":{"start":{"line":29,"column":39},"end":{"line":29,"column":48}},"14":{"start":{"line":31,"column":4},"end":{"line":31,"column":43}},"15":{"start":{"line":31,"column":34},"end":{"line":31,"column":43}},"16":{"start":{"line":32,"column":4},"end":{"line":32,"column":43}},"17":{"start":{"line":32,"column":34},"end":{"line":32,"column":43}},"18":{"start":{"line":33,"column":4},"end":{"line":33,"column":13}},"19":{"start":{"line":37,"column":26},"end":{"line":47,"column":3}},"20":{"start":{"line":38,"column":25},"end":{"line":38,"column":42}},"21":{"start":{"line":39,"column":25},"end":{"line":39,"column":27}},"22":{"start":{"line":41,"column":4},"end":{"line":44,"column":5}},"23":{"start":{"line":41,"column":17},"end":{"line":41,"column":18}},"24":{"start":{"line":42,"column":20},"end":{"line":42,"column":53}},"25":{"start":{"line":43,"column":6},"end":{"line":43,"column":38}},"26":{"start":{"line":46,"column":4},"end":{"line":46,"column":24}},"27":{"start":{"line":49,"column":2},"end":{"line":49,"column":38}},"28":{"start":{"line":49,"column":26},"end":{"line":49,"column":38}},"29":{"start":{"line":51,"column":23},"end":{"line":51,"column":40}},"30":{"start":{"line":52,"column":23},"end":{"line":52,"column":47}},"31":{"start":{"line":54,"column":2},"end":{"line":83,"column":4}},"32":{"start":{"line":73,"column":12},"end":{"line":73,"column":null}},"33":{"start":{"line":12,"column":13},"end":{"line":12,"column":57}},"34":{"start":{"line":87,"column":24},"end":{"line":98,"column":2}},"35":{"start":{"line":100,"column":23},"end":{"line":108,"column":2}},"36":{"start":{"line":110,"column":22},"end":{"line":114,"column":2}},"37":{"start":{"line":116,"column":25},"end":{"line":119,"column":2}},"38":{"start":{"line":121,"column":22},"end":{"line":139,"column":2}},"39":{"start":{"line":141,"column":24},"end":{"line":145,"column":2}},"40":{"start":{"line":147,"column":22},"end":{"line":162,"column":2}},"41":{"start":{"line":149,"column":43},"end":{"line":149,"column":62}},"42":{"start":{"line":164,"column":21},"end":{"line":174,"column":2}},"43":{"start":{"line":176,"column":0},"end":{"line":176,"column":28}}},"fnMap":{"0":{"name":"(anonymous_1)","decl":{"start":{"line":12,"column":57},"end":{"line":12,"column":58}},"loc":{"start":{"line":12,"column":78},"end":{"line":84,"column":1}}},"1":{"name":"(anonymous_2)","decl":{"start":{"line":15,"column":20},"end":{"line":15,"column":23}},"loc":{"start":{"line":15,"column":25},"end":{"line":19,"column":3}}},"2":{"name":"(anonymous_3)","decl":{"start":{"line":16,"column":20},"end":{"line":16,"column":21}},"loc":{"start":{"line":17,"column":6},"end":{"line":17,"column":56}}},"3":{"name":"(anonymous_4)","decl":{"start":{"line":21,"column":20},"end":{"line":21,"column":23}},"loc":{"start":{"line":21,"column":25},"end":{"line":25,"column":3}}},"4":{"name":"(anonymous_5)","decl":{"start":{"line":22,"column":20},"end":{"line":22,"column":21}},"loc":{"start":{"line":23,"column":6},"end":{"line":23,"column":56}}},"5":{"name":"(anonymous_6)","decl":{"start":{"line":28,"column":26},"end":{"line":28,"column":29}},"loc":{"start":{"line":28,"column":31},"end":{"line":34,"column":3}}},"6":{"name":"(anonymous_7)","decl":{"start":{"line":37,"column":26},"end":{"line":37,"column":29}},"loc":{"start":{"line":37,"column":31},"end":{"line":47,"column":3}}},"7":{"name":"(anonymous_8)","decl":{"start":{"line":72,"column":28},"end":{"line":72,"column":29}},"loc":{"start":{"line":73,"column":12},"end":{"line":73,"column":null}}},"8":{"name":"(anonymous_9)","decl":{"start":{"line":149,"column":34},"end":{"line":149,"column":39}},"loc":{"start":{"line":149,"column":43},"end":{"line":149,"column":62}}}},"branchMap":{"0":{"loc":{"start":{"line":17,"column":6},"end":{"line":17,"column":56}},"type":"cond-expr","locations":[{"start":{"line":17,"column":39},"end":{"line":17,"column":40}},{"start":{"line":17,"column":43},"end":{"line":17,"column":56}}]},"1":{"loc":{"start":{"line":23,"column":6},"end":{"line":23,"column":56}},"type":"cond-expr","locations":[{"start":{"line":23,"column":24},"end":{"line":23,"column":40}},{"start":{"line":23,"column":43},"end":{"line":23,"column":56}}]},"2":{"loc":{"start":{"line":29,"column":4},"end":{"line":29,"column":48}},"type":"if","locations":[{"start":{"line":29,"column":4},"end":{"line":29,"column":48}}]},"3":{"loc":{"start":{"line":31,"column":4},"end":{"line":31,"column":43}},"type":"if","locations":[{"start":{"line":31,"column":4},"end":{"line":31,"column":43}}]},"4":{"loc":{"start":{"line":32,"column":4},"end":{"line":32,"column":43}},"type":"if","locations":[{"start":{"line":32,"column":4},"end":{"line":32,"column":43}}]},"5":{"loc":{"start":{"line":49,"column":2},"end":{"line":49,"column":38}},"type":"if","locations":[{"start":{"line":49,"column":2},"end":{"line":49,"column":38}}]},"6":{"loc":{"start":{"line":58,"column":9},"end":{"line":66,"column":null}},"type":"binary-expr","locations":[{"start":{"line":58,"column":9},"end":{"line":58,"column":36}},{"start":{"line":59,"column":10},"end":{"line":65,"column":null}}]}},"s":{"0":1,"1":1,"2":1,"3":1,"4":0,"5":0,"6":0,"7":0,"8":0,"9":0,"10":0,"11":0,"12":0,"13":0,"14":0,"15":0,"16":0,"17":0,"18":0,"19":0,"20":0,"21":0,"22":0,"23":0,"24":0,"25":0,"26":0,"27":0,"28":0,"29":0,"30":0,"31":0,"32":0,"33":1,"34":1,"35":1,"36":1,"37":1,"38":1,"39":1,"40":1,"41":0,"42":1,"43":1},"f":{"0":0,"1":0,"2":0,"3":0,"4":0,"5":0,"6":0,"7":0,"8":0},"b":{"0":[0,0],"1":[0,0],"2":[0],"3":[0],"4":[0],"5":[0],"6":[0,0]}}
,"C:\\Users\\user\\Bookstore\\src\\components\\BookDetails\\BookDetails.tsx": {"path":"C:\\Users\\user\\Bookstore\\src\\components\\BookDetails\\BookDetails.tsx","statementMap":{"0":{"start":{"line":2,"column":0},"end":{"line":2,"column":40}},"1":{"start":{"line":3,"column":0},"end":{"line":3,"column":54}},"2":{"start":{"line":4,"column":0},"end":{"line":4,"column":66}},"3":{"start":{"line":5,"column":0},"end":{"line":5,"column":60}},"4":{"start":{"line":6,"column":0},"end":{"line":6,"column":58}},"5":{"start":{"line":8,"column":0},"end":{"line":8,"column":39}},"6":{"start":{"line":18,"column":55},"end":{"line":117,"column":1}},"7":{"start":{"line":25,"column":48},"end":{"line":25,"column":63}},"8":{"start":{"line":27,"column":27},"end":{"line":29,"column":3}},"9":{"start":{"line":28,"column":4},"end":{"line":28,"column":92}},"10":{"start":{"line":31,"column":25},"end":{"line":31,"column":48}},"11":{"start":{"line":32,"column":17},"end":{"line":32,"column":42}},"12":{"start":{"line":34,"column":2},"end":{"line":116,"column":4}},"13":{"start":{"line":76,"column":38},"end":{"line":76,"column":74}},"14":{"start":{"line":18,"column":13},"end":{"line":18,"column":55}},"15":{"start":{"line":120,"column":23},"end":{"line":130,"column":2}},"16":{"start":{"line":132,"column":28},"end":{"line":134,"column":2}},"17":{"start":{"line":136,"column":21},"end":{"line":139,"column":2}},"18":{"start":{"line":141,"column":23},"end":{"line":144,"column":2}},"19":{"start":{"line":146,"column":18},"end":{"line":151,"column":2}},"20":{"start":{"line":153,"column":32},"end":{"line":157,"column":2}},"21":{"start":{"line":159,"column":23},"end":{"line":163,"column":2}},"22":{"start":{"line":165,"column":23},"end":{"line":169,"column":2}},"23":{"start":{"line":171,"column":14},"end":{"line":175,"column":2}},"24":{"start":{"line":177,"column":20},"end":{"line":182,"column":2}},"25":{"start":{"line":184,"column":20},"end":{"line":187,"column":2}},"26":{"start":{"line":189,"column":20},"end":{"line":191,"column":2}},"27":{"start":{"line":193,"column":20},"end":{"line":205,"column":2}},"28":{"start":{"line":207,"column":26},"end":{"line":212,"column":2}},"29":{"start":{"line":214,"column":18},"end":{"line":222,"column":2}},"30":{"start":{"line":224,"column":22},"end":{"line":228,"column":2}},"31":{"start":{"line":230,"column":20},"end":{"line":239,"column":2}},"32":{"start":{"line":241,"column":0},"end":{"line":241,"column":27}}},"fnMap":{"0":{"name":"(anonymous_1)","decl":{"start":{"line":18,"column":55},"end":{"line":18,"column":56}},"loc":{"start":{"line":24,"column":5},"end":{"line":117,"column":1}}},"1":{"name":"(anonymous_2)","decl":{"start":{"line":27,"column":27},"end":{"line":27,"column":28}},"loc":{"start":{"line":27,"column":80},"end":{"line":29,"column":3}}},"2":{"name":"(anonymous_3)","decl":{"start":{"line":76,"column":32},"end":{"line":76,"column":35}},"loc":{"start":{"line":76,"column":38},"end":{"line":76,"column":74}}}},"branchMap":{"0":{"loc":{"start":{"line":23,"column":2},"end":{"line":23,"column":19}},"type":"default-arg","locations":[{"start":{"line":23,"column":17},"end":{"line":23,"column":19}}]},"1":{"loc":{"start":{"line":41,"column":19},"end":{"line":41,"column":98}},"type":"binary-expr","locations":[{"start":{"line":41,"column":19},"end":{"line":41,"column":29}},{"start":{"line":41,"column":33},"end":{"line":41,"column":98}}]},"2":{"loc":{"start":{"line":42,"column":19},"end":{"line":42,"column":45}},"type":"binary-expr","locations":[{"start":{"line":42,"column":19},"end":{"line":42,"column":29}},{"start":{"line":42,"column":33},"end":{"line":42,"column":45}}]},"3":{"loc":{"start":{"line":63,"column":26},"end":{"line":63,"column":58}},"type":"binary-expr","locations":[{"start":{"line":63,"column":26},"end":{"line":63,"column":38}},{"start":{"line":63,"column":42},"end":{"line":63,"column":58}}]},"4":{"loc":{"start":{"line":66,"column":26},"end":{"line":66,"column":63}},"type":"binary-expr","locations":[{"start":{"line":66,"column":26},"end":{"line":66,"column":40}},{"start":{"line":66,"column":44},"end":{"line":66,"column":63}}]},"5":{"loc":{"start":{"line":77,"column":26},"end":{"line":77,"column":53}},"type":"cond-expr","locations":[{"start":{"line":77,"column":44},"end":{"line":77,"column":47}},{"start":{"line":77,"column":50},"end":{"line":77,"column":53}}]},"6":{"loc":{"start":{"line":80,"column":11},"end":{"line":90,"column":null}},"type":"binary-expr","locations":[{"start":{"line":80,"column":11},"end":{"line":80,"column":26}},{"start":{"line":81,"column":12},"end":{"line":89,"column":null}}]},"7":{"loc":{"start":{"line":84,"column":30},"end":{"line":84,"column":52}},"type":"binary-expr","locations":[{"start":{"line":84,"column":30},"end":{"line":84,"column":39}},{"start":{"line":84,"column":43},"end":{"line":84,"column":52}}]},"8":{"loc":{"start":{"line":88,"column":30},"end":{"line":88,"column":53}},"type":"binary-expr","locations":[{"start":{"line":88,"column":30},"end":{"line":88,"column":40}},{"start":{"line":88,"column":44},"end":{"line":88,"column":53}}]},"9":{"loc":{"start":{"line":107,"column":7},"end":{"line":113,"column":null}},"type":"binary-expr","locations":[{"start":{"line":107,"column":7},"end":{"line":107,"column":30}},{"start":{"line":108,"column":8},"end":{"line":112,"column":null}}]}},"s":{"0":1,"1":1,"2":1,"3":1,"4":1,"5":1,"6":1,"7":0,"8":0,"9":0,"10":0,"11":0,"12":0,"13":0,"14":1,"15":1,"16":1,"17":1,"18":1,"19":1,"20":1,"21":1,"22":1,"23":1,"24":1,"25":1,"26":1,"27":1,"28":1,"29":1,"30":1,"31":1,"32":1},"f":{"0":0,"1":0,"2":0},"b":{"0":[0],"1":[0,0],"2":[0,0],"3":[0,0],"4":[0,0],"5":[0,0],"6":[0,0],"7":[0,0],"8":[0,0],"9":[0,0]}}
,"C:\\Users\\user\\Bookstore\\src\\components\\BookDetails\\index.ts": {"path":"C:\\Users\\user\\Bookstore\\src\\components\\BookDetails\\index.ts","statementMap":{"0":{"start":{"line":2,"column":0},"end":{"line":2,"column":9}},"1":{"start":{"line":2,"column":9},"end":{"line":2,"column":44}}},"fnMap":{"0":{"name":"(anonymous_0)","decl":{"start":{"line":2,"column":9},"end":{"line":2,"column":20}},"loc":{"start":{"line":2,"column":9},"end":{"line":2,"column":44}}}},"branchMap":{},"s":{"0":1,"1":1},"f":{"0":0},"b":{}}
,"C:\\Users\\user\\Bookstore\\src\\components\\Button\\Button.tsx": {"path":"C:\\Users\\user\\Bookstore\\src\\components\\Button\\Button.tsx","statementMap":{"0":{"start":{"line":3,"column":0},"end":{"line":3,"column":39}},"1":{"start":{"line":18,"column":45},"end":{"line":39,"column":1}},"2":{"start":{"line":27,"column":2},"end":{"line":38,"column":4}},"3":{"start":{"line":18,"column":13},"end":{"line":18,"column":45}},"4":{"start":{"line":46,"column":21},"end":{"line":114,"column":2}},"5":{"start":{"line":48,"column":4},"end":{"line":52,"column":5}},"6":{"start":{"line":49,"column":20},"end":{"line":49,"column":38}},"7":{"start":{"line":50,"column":20},"end":{"line":50,"column":39}},"8":{"start":{"line":51,"column":15},"end":{"line":51,"column":34}},"9":{"start":{"line":58,"column":4},"end":{"line":62,"column":5}},"10":{"start":{"line":59,"column":20},"end":{"line":59,"column":34}},"11":{"start":{"line":60,"column":20},"end":{"line":60,"column":34}},"12":{"start":{"line":61,"column":15},"end":{"line":61,"column":29}},"13":{"start":{"line":70,"column":13},"end":{"line":79,"column":null}},"14":{"start":{"line":81,"column":13},"end":{"line":90,"column":null}},"15":{"start":{"line":99,"column":6},"end":{"line":103,"column":7}},"16":{"start":{"line":100,"column":22},"end":{"line":100,"column":40}},"17":{"start":{"line":101,"column":22},"end":{"line":101,"column":41}},"18":{"start":{"line":102,"column":17},"end":{"line":102,"column":36}},"19":{"start":{"line":107,"column":6},"end":{"line":111,"column":7}},"20":{"start":{"line":108,"column":22},"end":{"line":108,"column":36}},"21":{"start":{"line":109,"column":22},"end":{"line":109,"column":36}},"22":{"start":{"line":110,"column":17},"end":{"line":110,"column":31}}},"fnMap":{"0":{"name":"(anonymous_1)","decl":{"start":{"line":18,"column":45},"end":{"line":18,"column":46}},"loc":{"start":{"line":26,"column":5},"end":{"line":39,"column":1}}},"1":{"name":"(anonymous_2)","decl":{"start":{"line":47,"column":13},"end":{"line":47,"column":18}},"loc":{"start":{"line":47,"column":21},"end":{"line":53,"column":3}}},"2":{"name":"(anonymous_3)","decl":{"start":{"line":57,"column":15},"end":{"line":57,"column":20}},"loc":{"start":{"line":57,"column":23},"end":{"line":63,"column":3}}},"3":{"name":"(anonymous_4)","decl":{"start":{"line":70,"column":4},"end":{"line":70,"column":9}},"loc":{"start":{"line":70,"column":13},"end":{"line":79,"column":null}}},"4":{"name":"(anonymous_5)","decl":{"start":{"line":81,"column":4},"end":{"line":81,"column":9}},"loc":{"start":{"line":81,"column":13},"end":{"line":90,"column":null}}},"5":{"name":"(anonymous_6)","decl":{"start":{"line":98,"column":15},"end":{"line":98,"column":20}},"loc":{"start":{"line":98,"column":23},"end":{"line":104,"column":5}}},"6":{"name":"(anonymous_7)","decl":{"start":{"line":106,"column":17},"end":{"line":106,"column":22}},"loc":{"start":{"line":106,"column":25},"end":{"line":112,"column":5}}}},"branchMap":{"0":{"loc":{"start":{"line":21,"column":2},"end":{"line":21,"column":17}},"type":"default-arg","locations":[{"start":{"line":21,"column":9},"end":{"line":21,"column":17}}]},"1":{"loc":{"start":{"line":22,"column":2},"end":{"line":22,"column":21}},"type":"default-arg","locations":[{"start":{"line":22,"column":12},"end":{"line":22,"column":21}}]},"2":{"loc":{"start":{"line":23,"column":2},"end":{"line":23,"column":17}},"type":"default-arg","locations":[{"start":{"line":23,"column":9},"end":{"line":23,"column":17}}]},"3":{"loc":{"start":{"line":24,"column":2},"end":{"line":24,"column":18}},"type":"default-arg","locations":[{"start":{"line":24,"column":13},"end":{"line":24,"column":18}}]},"4":{"loc":{"start":{"line":48,"column":4},"end":{"line":52,"column":5}},"type":"switch","locations":[{"start":{"line":49,"column":6},"end":{"line":49,"column":38}},{"start":{"line":50,"column":6},"end":{"line":50,"column":39}},{"start":{"line":51,"column":6},"end":{"line":51,"column":34}}]},"5":{"loc":{"start":{"line":58,"column":4},"end":{"line":62,"column":5}},"type":"switch","locations":[{"start":{"line":59,"column":6},"end":{"line":59,"column":34}},{"start":{"line":60,"column":6},"end":{"line":60,"column":34}},{"start":{"line":61,"column":6},"end":{"line":61,"column":29}}]},"6":{"loc":{"start":{"line":70,"column":13},"end":{"line":79,"column":null}},"type":"binary-expr","locations":[{"start":{"line":70,"column":13},"end":{"line":70,"column":41}},{"start":{"line":70,"column":45},"end":{"line":79,"column":null}}]},"7":{"loc":{"start":{"line":81,"column":13},"end":{"line":90,"column":null}},"type":"binary-expr","locations":[{"start":{"line":81,"column":13},"end":{"line":81,"column":43}},{"start":{"line":81,"column":47},"end":{"line":90,"column":null}}]},"8":{"loc":{"start":{"line":99,"column":6},"end":{"line":103,"column":7}},"type":"switch","locations":[{"start":{"line":100,"column":8},"end":{"line":100,"column":40}},{"start":{"line":101,"column":8},"end":{"line":101,"column":41}},{"start":{"line":102,"column":8},"end":{"line":102,"column":36}}]},"9":{"loc":{"start":{"line":107,"column":6},"end":{"line":111,"column":7}},"type":"switch","locations":[{"start":{"line":108,"column":8},"end":{"line":108,"column":36}},{"start":{"line":109,"column":8},"end":{"line":109,"column":36}},{"start":{"line":110,"column":8},"end":{"line":110,"column":31}}]}},"s":{"0":2,"1":2,"2":4,"3":2,"4":2,"5":4,"6":0,"7":0,"8":4,"9":4,"10":0,"11":0,"12":4,"13":4,"14":4,"15":4,"16":0,"17":0,"18":4,"19":4,"20":0,"21":0,"22":4},"f":{"0":4,"1":4,"2":4,"3":4,"4":4,"5":4,"6":4},"b":{"0":[0],"1":[0],"2":[4],"3":[0],"4":[0,0,4],"5":[0,0,4],"6":[4,4],"7":[4,0],"8":[0,0,4],"9":[0,0,4]}}
,"C:\\Users\\user\\Bookstore\\src\\components\\Button\\index.ts": {"path":"C:\\Users\\user\\Bookstore\\src\\components\\Button\\index.ts","statementMap":{"0":{"start":{"line":1,"column":0},"end":{"line":1,"column":9}},"1":{"start":{"line":1,"column":9},"end":{"line":1,"column":34}}},"fnMap":{"0":{"name":"(anonymous_0)","decl":{"start":{"line":1,"column":9},"end":{"line":1,"column":15}},"loc":{"start":{"line":1,"column":9},"end":{"line":1,"column":34}}}},"branchMap":{},"s":{"0":2,"1":6},"f":{"0":4},"b":{}}
,"C:\\Users\\user\\Bookstore\\src\\components\\Card\\Card.tsx": {"path":"C:\\Users\\user\\Bookstore\\src\\components\\Card\\Card.tsx","statementMap":{"0":{"start":{"line":3,"column":0},"end":{"line":3,"column":39}},"1":{"start":{"line":12,"column":41},"end":{"line":23,"column":1}},"2":{"start":{"line":18,"column":2},"end":{"line":22,"column":4}},"3":{"start":{"line":12,"column":13},"end":{"line":12,"column":41}},"4":{"start":{"line":25,"column":19},"end":{"line":56,"column":2}},"5":{"start":{"line":31,"column":13},"end":{"line":33,"column":null}},"6":{"start":{"line":35,"column":13},"end":{"line":37,"column":null}},"7":{"start":{"line":39,"column":13},"end":{"line":41,"column":null}},"8":{"start":{"line":43,"column":13},"end":{"line":45,"column":null}},"9":{"start":{"line":48,"column":15},"end":{"line":50,"column":null}},"10":{"start":{"line":52,"column":15},"end":{"line":54,"column":null}}},"fnMap":{"0":{"name":"(anonymous_1)","decl":{"start":{"line":12,"column":41},"end":{"line":12,"column":42}},"loc":{"start":{"line":17,"column":5},"end":{"line":23,"column":1}}},"1":{"name":"(anonymous_2)","decl":{"start":{"line":31,"column":4},"end":{"line":31,"column":9}},"loc":{"start":{"line":31,"column":13},"end":{"line":33,"column":null}}},"2":{"name":"(anonymous_3)","decl":{"start":{"line":35,"column":4},"end":{"line":35,"column":9}},"loc":{"start":{"line":35,"column":13},"end":{"line":37,"column":null}}},"3":{"name":"(anonymous_4)","decl":{"start":{"line":39,"column":4},"end":{"line":39,"column":9}},"loc":{"start":{"line":39,"column":13},"end":{"line":41,"column":null}}},"4":{"name":"(anonymous_5)","decl":{"start":{"line":43,"column":4},"end":{"line":43,"column":9}},"loc":{"start":{"line":43,"column":13},"end":{"line":45,"column":null}}},"5":{"name":"(anonymous_6)","decl":{"start":{"line":48,"column":6},"end":{"line":48,"column":11}},"loc":{"start":{"line":48,"column":15},"end":{"line":50,"column":null}}},"6":{"name":"(anonymous_7)","decl":{"start":{"line":52,"column":6},"end":{"line":52,"column":11}},"loc":{"start":{"line":52,"column":15},"end":{"line":54,"column":null}}}},"branchMap":{"0":{"loc":{"start":{"line":15,"column":2},"end":{"line":15,"column":20}},"type":"default-arg","locations":[{"start":{"line":15,"column":12},"end":{"line":15,"column":20}}]},"1":{"loc":{"start":{"line":31,"column":13},"end":{"line":33,"column":null}},"type":"binary-expr","locations":[{"start":{"line":31,"column":13},"end":{"line":31,"column":38}},{"start":{"line":31,"column":42},"end":{"line":33,"column":null}}]},"2":{"loc":{"start":{"line":35,"column":13},"end":{"line":37,"column":null}},"type":"binary-expr","locations":[{"start":{"line":35,"column":13},"end":{"line":35,"column":39}},{"start":{"line":35,"column":43},"end":{"line":37,"column":null}}]},"3":{"loc":{"start":{"line":39,"column":13},"end":{"line":41,"column":null}},"type":"binary-expr","locations":[{"start":{"line":39,"column":13},"end":{"line":39,"column":40}},{"start":{"line":39,"column":44},"end":{"line":41,"column":null}}]},"4":{"loc":{"start":{"line":43,"column":13},"end":{"line":45,"column":null}},"type":"binary-expr","locations":[{"start":{"line":43,"column":13},"end":{"line":43,"column":39}},{"start":{"line":43,"column":43},"end":{"line":45,"column":null}}]},"5":{"loc":{"start":{"line":48,"column":15},"end":{"line":50,"column":null}},"type":"binary-expr","locations":[{"start":{"line":48,"column":15},"end":{"line":48,"column":41}},{"start":{"line":48,"column":45},"end":{"line":50,"column":null}}]},"6":{"loc":{"start":{"line":52,"column":15},"end":{"line":54,"column":null}},"type":"binary-expr","locations":[{"start":{"line":52,"column":15},"end":{"line":52,"column":42}},{"start":{"line":52,"column":46},"end":{"line":54,"column":null}}]}},"s":{"0":1,"1":1,"2":4,"3":1,"4":1,"5":4,"6":4,"7":4,"8":4,"9":4,"10":4},"f":{"0":4,"1":4,"2":4,"3":4,"4":4,"5":4,"6":4},"b":{"0":[0],"1":[4,0],"2":[4,0],"3":[4,0],"4":[4,4],"5":[4,4],"6":[4,0]}}
,"C:\\Users\\user\\Bookstore\\src\\components\\Card\\index.ts": {"path":"C:\\Users\\user\\Bookstore\\src\\components\\Card\\index.ts","statementMap":{"0":{"start":{"line":2,"column":0},"end":{"line":2,"column":9}},"1":{"start":{"line":2,"column":9},"end":{"line":2,"column":30}}},"fnMap":{"0":{"name":"(anonymous_0)","decl":{"start":{"line":2,"column":9},"end":{"line":2,"column":13}},"loc":{"start":{"line":2,"column":9},"end":{"line":2,"column":30}}}},"branchMap":{},"s":{"0":1,"1":2},"f":{"0":1},"b":{}}
,"C:\\Users\\user\\Bookstore\\src\\components\\FavoriteButton\\FavoriteButton.tsx": {"path":"C:\\Users\\user\\Bookstore\\src\\components\\FavoriteButton\\FavoriteButton.tsx","statementMap":{"0":{"start":{"line":3,"column":0},"end":{"line":3,"column":39}},"1":{"start":{"line":11,"column":61},"end":{"line":25,"column":1}},"2":{"start":{"line":16,"column":2},"end":{"line":24,"column":4}},"3":{"start":{"line":11,"column":13},"end":{"line":11,"column":61}},"4":{"start":{"line":27,"column":15},"end":{"line":40,"column":2}}},"fnMap":{"0":{"name":"(anonymous_1)","decl":{"start":{"line":11,"column":61},"end":{"line":11,"column":62}},"loc":{"start":{"line":15,"column":5},"end":{"line":25,"column":1}}}},"branchMap":{"0":{"loc":{"start":{"line":22,"column":7},"end":{"line":22,"column":31}},"type":"cond-expr","locations":[{"start":{"line":22,"column":20},"end":{"line":22,"column":24}},{"start":{"line":22,"column":27},"end":{"line":22,"column":31}}]}},"s":{"0":1,"1":1,"2":0,"3":1,"4":1},"f":{"0":0},"b":{"0":[0,0]}}
,"C:\\Users\\user\\Bookstore\\src\\components\\FavoriteButton\\index.ts": {"path":"C:\\Users\\user\\Bookstore\\src\\components\\FavoriteButton\\index.ts","statementMap":{"0":{"start":{"line":2,"column":0},"end":{"line":2,"column":9}},"1":{"start":{"line":2,"column":9},"end":{"line":2,"column":50}}},"fnMap":{"0":{"name":"(anonymous_0)","decl":{"start":{"line":2,"column":9},"end":{"line":2,"column":23}},"loc":{"start":{"line":2,"column":9},"end":{"line":2,"column":50}}}},"branchMap":{},"s":{"0":1,"1":1},"f":{"0":0},"b":{}}
,"C:\\Users\\user\\Bookstore\\src\\components\\Footer\\Footer.tsx": {"path":"C:\\Users\\user\\Bookstore\\src\\components\\Footer\\Footer.tsx","statementMap":{"0":{"start":{"line":3,"column":0},"end":{"line":3,"column":39}},"1":{"start":{"line":9,"column":45},"end":{"line":18,"column":1}},"2":{"start":{"line":10,"column":2},"end":{"line":17,"column":4}},"3":{"start":{"line":9,"column":13},"end":{"line":9,"column":45}},"4":{"start":{"line":21,"column":24},"end":{"line":26,"column":2}},"5":{"start":{"line":28,"column":25},"end":{"line":41,"column":2}},"6":{"start":{"line":43,"column":22},"end":{"line":47,"column":2}},"7":{"start":{"line":49,"column":19},"end":{"line":52,"column":2}},"8":{"start":{"line":54,"column":0},"end":{"line":54,"column":22}}},"fnMap":{"0":{"name":"(anonymous_1)","decl":{"start":{"line":9,"column":45},"end":{"line":9,"column":46}},"loc":{"start":{"line":9,"column":63},"end":{"line":18,"column":1}}}},"branchMap":{},"s":{"0":1,"1":1,"2":0,"3":1,"4":1,"5":1,"6":1,"7":1,"8":1},"f":{"0":0},"b":{}}
,"C:\\Users\\user\\Bookstore\\src\\components\\Footer\\index.ts": {"path":"C:\\Users\\user\\Bookstore\\src\\components\\Footer\\index.ts","statementMap":{"0":{"start":{"line":2,"column":0},"end":{"line":2,"column":9}},"1":{"start":{"line":2,"column":9},"end":{"line":2,"column":34}}},"fnMap":{"0":{"name":"(anonymous_0)","decl":{"start":{"line":2,"column":9},"end":{"line":2,"column":15}},"loc":{"start":{"line":2,"column":9},"end":{"line":2,"column":34}}}},"branchMap":{},"s":{"0":1,"1":1},"f":{"0":0},"b":{}}
,"C:\\Users\\user\\Bookstore\\src\\components\\Heading\\Heading.tsx": {"path":"C:\\Users\\user\\Bookstore\\src\\components\\Heading\\Heading.tsx","statementMap":{"0":{"start":{"line":2,"column":0},"end":{"line":2,"column":39}},"1":{"start":{"line":11,"column":17},"end":{"line":25,"column":2}},"2":{"start":{"line":27,"column":17},"end":{"line":41,"column":2}},"3":{"start":{"line":43,"column":17},"end":{"line":57,"column":2}},"4":{"start":{"line":59,"column":17},"end":{"line":65,"column":2}},"5":{"start":{"line":67,"column":17},"end":{"line":73,"column":2}},"6":{"start":{"line":75,"column":17},"end":{"line":81,"column":2}},"7":{"start":{"line":83,"column":47},"end":{"line":100,"column":1}},"8":{"start":{"line":88,"column":21},"end":{"line":95,"column":4}},"9":{"start":{"line":97,"column":20},"end":{"line":97,"column":37}},"10":{"start":{"line":99,"column":2},"end":{"line":99,"column":65}},"11":{"start":{"line":83,"column":13},"end":{"line":83,"column":47}}},"fnMap":{"0":{"name":"(anonymous_1)","decl":{"start":{"line":83,"column":47},"end":{"line":83,"column":48}},"loc":{"start":{"line":87,"column":5},"end":{"line":100,"column":1}}}},"branchMap":{"0":{"loc":{"start":{"line":85,"column":2},"end":{"line":85,"column":11}},"type":"default-arg","locations":[{"start":{"line":85,"column":10},"end":{"line":85,"column":11}}]}},"s":{"0":1,"1":1,"2":1,"3":1,"4":1,"5":1,"6":1,"7":1,"8":0,"9":0,"10":0,"11":1},"f":{"0":0},"b":{"0":[0]}}
,"C:\\Users\\user\\Bookstore\\src\\components\\Heading\\index.ts": {"path":"C:\\Users\\user\\Bookstore\\src\\components\\Heading\\index.ts","statementMap":{"0":{"start":{"line":2,"column":0},"end":{"line":2,"column":9}},"1":{"start":{"line":2,"column":9},"end":{"line":2,"column":36}}},"fnMap":{"0":{"name":"(anonymous_0)","decl":{"start":{"line":2,"column":9},"end":{"line":2,"column":16}},"loc":{"start":{"line":2,"column":9},"end":{"line":2,"column":36}}}},"branchMap":{},"s":{"0":1,"1":1},"f":{"0":0},"b":{}}
,"C:\\Users\\user\\Bookstore\\src\\components\\Input\\Input.tsx": {"path":"C:\\Users\\user\\Bookstore\\src\\components\\Input\\Input.tsx","statementMap":{"0":{"start":{"line":3,"column":0},"end":{"line":3,"column":39}},"1":{"start":{"line":18,"column":43},"end":{"line":50,"column":1}},"2":{"start":{"line":30,"column":2},"end":{"line":49,"column":4}},"3":{"start":{"line":41,"column":25},"end":{"line":41,"column":49}},"4":{"start":{"line":18,"column":13},"end":{"line":18,"column":43}},"5":{"start":{"line":52,"column":23},"end":{"line":57,"column":2}},"6":{"start":{"line":59,"column":14},"end":{"line":63,"column":2}},"7":{"start":{"line":65,"column":20},"end":{"line":95,"column":2}},"8":{"start":{"line":67,"column":31},"end":{"line":67,"column":70}},"9":{"start":{"line":97,"column":18},"end":{"line":101,"column":2}},"10":{"start":{"line":103,"column":0},"end":{"line":103,"column":21}}},"fnMap":{"0":{"name":"(anonymous_1)","decl":{"start":{"line":18,"column":43},"end":{"line":18,"column":44}},"loc":{"start":{"line":29,"column":5},"end":{"line":50,"column":1}}},"1":{"name":"(anonymous_2)","decl":{"start":{"line":41,"column":18},"end":{"line":41,"column":19}},"loc":{"start":{"line":41,"column":25},"end":{"line":41,"column":49}}},"2":{"name":"(anonymous_3)","decl":{"start":{"line":67,"column":22},"end":{"line":67,"column":27}},"loc":{"start":{"line":67,"column":31},"end":{"line":67,"column":70}}}},"branchMap":{"0":{"loc":{"start":{"line":19,"column":2},"end":{"line":19,"column":15}},"type":"default-arg","locations":[{"start":{"line":19,"column":9},"end":{"line":19,"column":15}}]},"1":{"loc":{"start":{"line":26,"column":2},"end":{"line":26,"column":18}},"type":"default-arg","locations":[{"start":{"line":26,"column":13},"end":{"line":26,"column":18}}]},"2":{"loc":{"start":{"line":28,"column":2},"end":{"line":28,"column":18}},"type":"default-arg","locations":[{"start":{"line":28,"column":13},"end":{"line":28,"column":18}}]},"3":{"loc":{"start":{"line":32,"column":7},"end":{"line":35,"column":null}},"type":"binary-expr","locations":[{"start":{"line":32,"column":7},"end":{"line":32,"column":12}},{"start":{"line":33,"column":8},"end":{"line":34,"column":null}}]},"4":{"loc":{"start":{"line":47,"column":7},"end":{"line":47,"column":46}},"type":"binary-expr","locations":[{"start":{"line":47,"column":7},"end":{"line":47,"column":12}},{"start":{"line":47,"column":16},"end":{"line":47,"column":46}}]},"5":{"loc":{"start":{"line":67,"column":31},"end":{"line":67,"column":70}},"type":"cond-expr","locations":[{"start":{"line":67,"column":49},"end":{"line":67,"column":58}},{"start":{"line":67,"column":61},"end":{"line":67,"column":70}}]}},"s":{"0":1,"1":1,"2":10,"3":0,"4":1,"5":1,"6":1,"7":1,"8":10,"9":1,"10":1},"f":{"0":10,"1":0,"2":10},"b":{"0":[0],"1":[0],"2":[10],"3":[10,10],"4":[10,0],"5":[0,10]}}
,"C:\\Users\\user\\Bookstore\\src\\components\\Input\\index.ts": {"path":"C:\\Users\\user\\Bookstore\\src\\components\\Input\\index.ts","statementMap":{"0":{"start":{"line":2,"column":0},"end":{"line":2,"column":9}},"1":{"start":{"line":2,"column":9},"end":{"line":2,"column":32}}},"fnMap":{"0":{"name":"(anonymous_0)","decl":{"start":{"line":2,"column":9},"end":{"line":2,"column":14}},"loc":{"start":{"line":2,"column":9},"end":{"line":2,"column":32}}}},"branchMap":{},"s":{"0":1,"1":11},"f":{"0":10},"b":{}}
,"C:\\Users\\user\\Bookstore\\src\\components\\Layout\\DesktopNav.tsx": {"path":"C:\\Users\\user\\Bookstore\\src\\components\\Layout\\DesktopNav.tsx","statementMap":{"0":{"start":{"line":3,"column":0},"end":{"line":3,"column":53}},"1":{"start":{"line":4,"column":0},"end":{"line":4,"column":39}},"2":{"start":{"line":7,"column":53},"end":{"line":76,"column":1}},"3":{"start":{"line":14,"column":19},"end":{"line":14,"column":32}},"4":{"start":{"line":16,"column":23},"end":{"line":21,"column":3}},"5":{"start":{"line":17,"column":4},"end":{"line":20,"column":5}},"6":{"start":{"line":18,"column":6},"end":{"line":18,"column":63}},"7":{"start":{"line":19,"column":6},"end":{"line":19,"column":17}},"8":{"start":{"line":23,"column":25},"end":{"line":27,"column":3}},"9":{"start":{"line":24,"column":4},"end":{"line":26,"column":5}},"10":{"start":{"line":25,"column":6},"end":{"line":25,"column":21}},"11":{"start":{"line":29,"column":2},"end":{"line":75,"column":4}},"12":{"start":{"line":36,"column":27},"end":{"line":36,"column":62}},"13":{"start":{"line":7,"column":13},"end":{"line":7,"column":53}},"14":{"start":{"line":79,"column":28},"end":{"line":89,"column":2}},"15":{"start":{"line":91,"column":24},"end":{"line":101,"column":2}},"16":{"start":{"line":103,"column":20},"end":{"line":115,"column":2}},"17":{"start":{"line":117,"column":19},"end":{"line":132,"column":2}},"18":{"start":{"line":134,"column":23},"end":{"line":138,"column":2}},"19":{"start":{"line":140,"column":19},"end":{"line":150,"column":2}},"20":{"start":{"line":152,"column":20},"end":{"line":159,"column":2}},"21":{"start":{"line":161,"column":14},"end":{"line":175,"column":2}},"22":{"start":{"line":177,"column":0},"end":{"line":177,"column":26}}},"fnMap":{"0":{"name":"(anonymous_1)","decl":{"start":{"line":7,"column":53},"end":{"line":7,"column":54}},"loc":{"start":{"line":13,"column":5},"end":{"line":76,"column":1}}},"1":{"name":"(anonymous_2)","decl":{"start":{"line":16,"column":23},"end":{"line":16,"column":26}},"loc":{"start":{"line":16,"column":28},"end":{"line":21,"column":3}}},"2":{"name":"(anonymous_3)","decl":{"start":{"line":23,"column":25},"end":{"line":23,"column":26}},"loc":{"start":{"line":23,"column":52},"end":{"line":27,"column":3}}},"3":{"name":"(anonymous_4)","decl":{"start":{"line":36,"column":20},"end":{"line":36,"column":21}},"loc":{"start":{"line":36,"column":27},"end":{"line":36,"column":62}}}},"branchMap":{"0":{"loc":{"start":{"line":17,"column":4},"end":{"line":20,"column":5}},"type":"if","locations":[{"start":{"line":17,"column":4},"end":{"line":20,"column":5}}]},"1":{"loc":{"start":{"line":24,"column":4},"end":{"line":26,"column":5}},"type":"if","locations":[{"start":{"line":24,"column":4},"end":{"line":26,"column":5}}]},"2":{"loc":{"start":{"line":52,"column":13},"end":{"line":52,"column":66}},"type":"binary-expr","locations":[{"start":{"line":52,"column":13},"end":{"line":52,"column":31}},{"start":{"line":52,"column":35},"end":{"line":52,"column":66}}]},"3":{"loc":{"start":{"line":61,"column":13},"end":{"line":61,"column":66}},"type":"binary-expr","locations":[{"start":{"line":61,"column":13},"end":{"line":61,"column":31}},{"start":{"line":61,"column":35},"end":{"line":61,"column":66}}]}},"s":{"0":1,"1":1,"2":1,"3":0,"4":0,"5":0,"6":0,"7":0,"8":0,"9":0,"10":0,"11":0,"12":0,"13":1,"14":1,"15":1,"16":1,"17":1,"18":1,"19":1,"20":1,"21":1,"22":1},"f":{"0":0,"1":0,"2":0,"3":0},"b":{"0":[0],"1":[0],"2":[0,0],"3":[0,0]}}
[...]
,"C:\\Users\\user\\Bookstore\\src\\store\\selectors\\favoritesSelectors.ts": {"path":"C:\\Users\\user\\Bookstore\\src\\store\\selectors\\favoritesSelectors.ts","statementMap":{"0":{"start":{"line":5,"column":33},"end":{"line":5,"column":84}},"1":{"start":{"line":5,"column":63},"end":{"line":5,"column":84}},"2":{"start":{"line":5,"column":13},"end":{"line":5,"column":33}},"3":{"start":{"line":7,"column":29},"end":{"line":9,"column":1}},"4":{"start":{"line":8,"column":2},"end":{"line":8,"column":68}},"5":{"start":{"line":8,"column":44},"end":{"line":8,"column":66}},"6":{"start":{"line":7,"column":13},"end":{"line":7,"column":29}},"7":{"start":{"line":11,"column":33},"end":{"line":13,"column":1}},"8":{"start":{"line":12,"column":2},"end":{"line":12,"column":38}},"9":{"start":{"line":11,"column":13},"end":{"line":11,"column":33}}},"fnMap":{"0":{"name":"(anonymous_0)","decl":{"start":{"line":5,"column":33},"end":{"line":5,"column":34}},"loc":{"start":{"line":5,"column":63},"end":{"line":5,"column":84}}},"1":{"name":"(anonymous_1)","decl":{"start":{"line":7,"column":29},"end":{"line":7,"column":30}},"loc":{"start":{"line":7,"column":75},"end":{"line":9,"column":1}}},"2":{"name":"(anonymous_2)","decl":{"start":{"line":8,"column":36},"end":{"line":8,"column":40}},"loc":{"start":{"line":8,"column":44},"end":{"line":8,"column":66}}},"3":{"name":"(anonymous_3)","decl":{"start":{"line":11,"column":33},"end":{"line":11,"column":34}},"loc":{"start":{"line":11,"column":62},"end":{"line":13,"column":1}}}},"branchMap":{},"s":{"0":2,"1":0,"2":2,"3":2,"4":0,"5":0,"6":2,"7":2,"8":0,"9":2},"f":{"0":0,"1":0,"2":0,"3":0},"b":{}}
,"C:\\Users\\user\\Bookstore\\src\\store\\selectors\\index.ts": {"path":"C:\\Users\\user\\Bookstore\\src\\store\\selectors\\index.ts","statementMap":{"0":{"start":{"line":2,"column":0},"end":{"line":2,"column":33}},"1":{"start":{"line":3,"column":0},"end":{"line":3,"column":32}},"2":{"start":{"line":4,"column":0},"end":{"line":4,"column":37}}},"fnMap":{},"branchMap":{},"s":{"0":2,"1":2,"2":2},"f":{},"b":{}}
,"C:\\Users\\user\\Bookstore\\src\\store\\slices\\authSlice.ts": {"path":"C:\\Users\\user\\Bookstore\\src\\store\\slices\\authSlice.ts","statementMap":{"0":{"start":{"line":2,"column":0},"end":{"line":2,"column":62}},"1":{"start":{"line":3,"column":0},"end":{"line":3,"column":40}},"2":{"start":{"line":15,"column":32},"end":{"line":22,"column":2}},"3":{"start":{"line":24,"column":18},"end":{"line":131,"column":2}},"4":{"start":{"line":30,"column":6},"end":{"line":30,"column":27}},"5":{"start":{"line":31,"column":6},"end":{"line":31,"column":25}},"6":{"start":{"line":32,"column":6},"end":{"line":32,"column":42}},"7":{"start":{"line":35,"column":6},"end":{"line":35,"column":28}},"8":{"start":{"line":36,"column":6},"end":{"line":36,"column":34}},"9":{"start":{"line":37,"column":6},"end":{"line":37,"column":35}},"10":{"start":{"line":38,"column":6},"end":{"line":38,"column":25}},"11":{"start":{"line":41,"column":6},"end":{"line":41,"column":28}},"12":{"start":{"line":42,"column":6},"end":{"line":42,"column":35}},"13":{"start":{"line":43,"column":6},"end":{"line":43,"column":36}},"14":{"start":{"line":48,"column":6},"end":{"line":48,"column":27}},"15":{"start":{"line":49,"column":6},"end":{"line":49,"column":25}},"16":{"start":{"line":52,"column":6},"end":{"line":52,"column":28}},"17":{"start":{"line":53,"column":6},"end":{"line":53,"column":25}},"18":{"start":{"line":56,"column":6},"end":{"line":56,"column":28}},"19":{"start":{"line":57,"column":6},"end":{"line":57,"column":35}},"20":{"start":{"line":62,"column":6},"end":{"line":62,"column":24}},"21":{"start":{"line":63,"column":6},"end":{"line":63,"column":36}},"22":{"start":{"line":64,"column":6},"end":{"line":64,"column":25}},"23":{"start":{"line":65,"column":6},"end":{"line":65,"column":42}},"24":{"start":{"line":66,"column":6},"end":{"line":66,"column":39}},"25":{"start":{"line":71,"column":6},"end":{"line":71,"column":27}},"26":{"start":{"line":72,"column":6},"end":{"line":72,"column":25}},"27":{"start":{"line":75,"column":6},"end":{"line":75,"column":28}},"28":{"start":{"line":76,"column":6},"end":{"line":76,"column":25}},"29":{"start":{"line":79,"column":6},"end":{"line":79,"column":28}},"30":{"start":{"line":80,"column":6},"end":{"line":80,"column":35}},"31":{"start":{"line":88,"column":6},"end":{"line":88,"column":27}},"32":{"start":{"line":89,"column":6},"end":{"line":89,"column":25}},"33":{"start":{"line":90,"column":6},"end":{"line":90,"column":42}},"34":{"start":{"line":93,"column":6},"end":{"line":93,"column":28}},"35":{"start":{"line":94,"column":6},"end":{"line":94,"column":25}},"36":{"start":{"line":95,"column":6},"end":{"line":95,"column":41}},"37":{"start":{"line":98,"column":6},"end":{"line":98,"column":28}},"38":{"start":{"line":99,"column":6},"end":{"line":99,"column":35}},"39":{"start":{"line":100,"column":6},"end":{"line":100,"column":42}},"40":{"start":{"line":105,"column":6},"end":{"line":105,"column":42}},"41":{"start":{"line":106,"column":6},"end":{"line":106,"column":25}},"42":{"start":{"line":110,"column":6},"end":{"line":110,"column":34}},"43":{"start":{"line":111,"column":6},"end":{"line":111,"column":25}},"44":{"start":{"line":115,"column":6},"end":{"line":115,"column":25}},"45":{"start":{"line":120,"column":6},"end":{"line":128,"column":7}},"46":{"start":{"line":121,"column":21},"end":{"line":121,"column":56}},"47":{"start":{"line":122,"column":8},"end":{"line":125,"column":9}},"48":{"start":{"line":123,"column":10},"end":{"line":123,"column":28}},"49":{"start":{"line":124,"column":10},"end":{"line":124,"column":39}},"50":{"start":{"line":127,"column":8},"end":{"line":127,"column":65}},"51":{"start":{"line":133,"column":13},"end":{"line":150,"column":null}},"52":{"start":{"line":153,"column":0},"end":{"line":153,"column":33}}},"fnMap":{"0":{"name":"(anonymous_0)","decl":{"start":{"line":29,"column":17},"end":{"line":29,"column":18}},"loc":{"start":{"line":29,"column":68},"end":{"line":33,"column":5}}},"1":{"name":"(anonymous_1)","decl":{"start":{"line":34,"column":19},"end":{"line":34,"column":20}},"loc":{"start":{"line":34,"column":58},"end":{"line":39,"column":5}}},"2":{"name":"(anonymous_2)","decl":{"start":{"line":40,"column":19},"end":{"line":40,"column":20}},"loc":{"start":{"line":40,"column":60},"end":{"line":44,"column":5}}},"3":{"name":"(anonymous_3)","decl":{"start":{"line":47,"column":17},"end":{"line":47,"column":18}},"loc":{"start":{"line":47,"column":71},"end":{"line":50,"column":5}}},"4":{"name":"(anonymous_4)","decl":{"start":{"line":51,"column":19},"end":{"line":51,"column":20}},"loc":{"start":{"line":51,"column":58},"end":{"line":54,"column":5}}},"5":{"name":"(anonymous_5)","decl":{"start":{"line":55,"column":19},"end":{"line":55,"column":20}},"loc":{"start":{"line":55,"column":60},"end":{"line":58,"column":5}}},"6":{"name":"(anonymous_6)","decl":{"start":{"line":61,"column":13},"end":{"line":61,"column":14}},"loc":{"start":{"line":61,"column":23},"end":{"line":67,"column":5}}},"7":{"name":"(anonymous_7)","decl":{"start":{"line":70,"column":24},"end":{"line":70,"column":25}},"loc":{"start":{"line":70,"column":65},"end":{"line":73,"column":5}}},"8":{"name":"(anonymous_8)","decl":{"start":{"line":74,"column":26},"end":{"line":74,"column":27}},"loc":{"start":{"line":74,"column":36},"end":{"line":77,"column":5}}},"9":{"name":"(anonymous_9)","decl":{"start":{"line":78,"column":26},"end":{"line":78,"column":27}},"loc":{"start":{"line":78,"column":67},"end":{"line":81,"column":5}}},"10":{"name":"(anonymous_10)","decl":{"start":{"line":84,"column":25},"end":{"line":84,"column":26}},"loc":{"start":{"line":87,"column":10},"end":{"line":91,"column":5}}},"11":{"name":"(anonymous_11)","decl":{"start":{"line":92,"column":27},"end":{"line":92,"column":28}},"loc":{"start":{"line":92,"column":37},"end":{"line":96,"column":5}}},"12":{"name":"(anonymous_12)","decl":{"start":{"line":97,"column":27},"end":{"line":97,"column":28}},"loc":{"start":{"line":97,"column":68},"end":{"line":101,"column":5}}},"13":{"name":"(anonymous_13)","decl":{"start":{"line":104,"column":31},"end":{"line":104,"column":32}},"loc":{"start":{"line":104,"column":41},"end":{"line":107,"column":5}}},"14":{"name":"(anonymous_14)","decl":{"start":{"line":109,"column":20},"end":{"line":109,"column":21}},"loc":{"start":{"line":109,"column":74},"end":{"line":112,"column":5}}},"15":{"name":"(anonymous_15)","decl":{"start":{"line":114,"column":20},"end":{"line":114,"column":21}},"loc":{"start":{"line":114,"column":30},"end":{"line":116,"column":5}}},"16":{"name":"(anonymous_16)","decl":{"start":{"line":119,"column":25},"end":{"line":119,"column":26}},"loc":{"start":{"line":119,"column":35},"end":{"line":129,"column":5}}}},"branchMap":{"0":{"loc":{"start":{"line":122,"column":8},"end":{"line":125,"column":9}},"type":"if","locations":[{"start":{"line":122,"column":8},"end":{"line":125,"column":9}}]}},"s":{"0":1,"1":1,"2":1,"3":1,"4":0,"5":0,"6":0,"7":1,"8":1,"9":1,"10":1,"11":0,"12":0,"13":0,"14":0,"15":0,"16":1,"17":1,"18":0,"19":0,"20":1,"21":1,"22":1,"23":1,"24":1,"25":0,"26":0,"27":0,"28":0,"29":0,"30":0,"31":0,"32":0,"33":0,"34":0,"35":0,"36":0,"37":0,"38":0,"39":0,"40":0,"41":0,"42":0,"43":0,"44":0,"45":0,"46":0,"47":0,"48":0,"49":0,"50":0,"51":1,"52":1},"f":{"0":0,"1":1,"2":0,"3":0,"4":1,"5":0,"6":1,"7":0,"8":0,"9":0,"10":0,"11":0,"12":0,"13":0,"14":0,"15":0,"16":0},"b":{"0":[0]}}
,"C:\\Users\\user\\Bookstore\\src\\store\\slices\\cartSlice.ts": {"path":"C:\\Users\\user\\Bookstore\\src\\store\\slices\\cartSlice.ts","statementMap":{"0":{"start":{"line":2,"column":0},"end":{"line":2,"column":62}},"1":{"start":{"line":14,"column":28},"end":{"line":21,"column":1}},"2":{"start":{"line":15,"column":2},"end":{"line":20,"column":3}},"3":{"start":{"line":16,"column":17},"end":{"line":16,"column":55}},"4":{"start":{"line":17,"column":4},"end":{"line":17,"column":40}},"5":{"start":{"line":19,"column":4},"end":{"line":19,"column":14}},"6":{"start":{"line":23,"column":32},"end":{"line":25,"column":2}},"7":{"start":{"line":27,"column":18},"end":{"line":88,"column":2}},"8":{"start":{"line":33,"column":27},"end":{"line":33,"column":95}},"9":{"start":{"line":33,"column":52},"end":{"line":33,"column":94}},"10":{"start":{"line":35,"column":6},"end":{"line":39,"column":7}},"11":{"start":{"line":36,"column":8},"end":{"line":36,"column":35}},"12":{"start":{"line":38,"column":8},"end":{"line":38,"column":66}},"13":{"start":{"line":42,"column":6},"end":{"line":42,"column":74}},"14":{"start":{"line":47,"column":6},"end":{"line":47,"column":86}},"15":{"start":{"line":47,"column":47},"end":{"line":47,"column":84}},"16":{"start":{"line":48,"column":6},"end":{"line":48,"column":74}},"17":{"start":{"line":53,"column":19},"end":{"line":53,"column":82}},"18":{"start":{"line":53,"column":44},"end":{"line":53,"column":81}},"19":{"start":{"line":54,"column":6},"end":{"line":57,"column":7}},"20":{"start":{"line":55,"column":8},"end":{"line":55,"column":48}},"21":{"start":{"line":56,"column":8},"end":{"line":56,"column":76}},"22":{"start":{"line":62,"column":19},"end":{"line":62,"column":82}},"23":{"start":{"line":62,"column":44},"end":{"line":62,"column":81}},"24":{"start":{"line":63,"column":6},"end":{"line":66,"column":7}},"25":{"start":{"line":64,"column":8},"end":{"line":64,"column":27}},"26":{"start":{"line":65,"column":8},"end":{"line":65,"column":76}},"27":{"start":{"line":71,"column":19},"end":{"line":71,"column":82}},"28":{"start":{"line":71,"column":44},"end":{"line":71,"column":81}},"29":{"start":{"line":72,"column":6},"end":{"line":79,"column":7}},"30":{"start":{"line":73,"column":8},"end":{"line":77,"column":9}},"31":{"start":{"line":74,"column":10},"end":{"line":74,"column":29}},"32":{"start":{"line":76,"column":10},"end":{"line":76,"column":98}},"33":{"start":{"line":76,"column":55},"end":{"line":76,"column":96}},"34":{"start":{"line":78,"column":8},"end":{"line":78,"column":76}},"35":{"start":{"line":84,"column":6},"end":{"line":84,"column":23}},"36":{"start":{"line":85,"column":6},"end":{"line":85,"column":48}},"37":{"start":{"line":90,"column":13},"end":{"line":96,"column":null}},"38":{"start":{"line":99,"column":0},"end":{"line":99,"column":33}}},"fnMap":{"0":{"name":"(anonymous_0)","decl":{"start":{"line":14,"column":28},"end":{"line":14,"column":43}},"loc":{"start":{"line":14,"column":45},"end":{"line":21,"column":1}}},"1":{"name":"(anonymous_1)","decl":{"start":{"line":32,"column":15},"end":{"line":32,"column":16}},"loc":{"start":{"line":32,"column":64},"end":{"line":43,"column":5}}},"2":{"name":"(anonymous_2)","decl":{"start":{"line":33,"column":44},"end":{"line":33,"column":48}},"loc":{"start":{"line":33,"column":52},"end":{"line":33,"column":94}}},"3":{"name":"(anonymous_3)","decl":{"start":{"line":46,"column":20},"end":{"line":46,"column":21}},"loc":{"start":{"line":46,"column":73},"end":{"line":49,"column":5}}},"4":{"name":"(anonymous_4)","decl":{"start":{"line":47,"column":39},"end":{"line":47,"column":43}},"loc":{"start":{"line":47,"column":47},"end":{"line":47,"column":84}}},"5":{"name":"(anonymous_5)","decl":{"start":{"line":52,"column":20},"end":{"line":52,"column":21}},"loc":{"start":{"line":52,"column":91},"end":{"line":58,"column":5}}},"6":{"name":"(anonymous_6)","decl":{"start":{"line":53,"column":36},"end":{"line":53,"column":40}},"loc":{"start":{"line":53,"column":44},"end":{"line":53,"column":81}}},"7":{"name":"(anonymous_7)","decl":{"start":{"line":61,"column":22},"end":{"line":61,"column":23}},"loc":{"start":{"line":61,"column":75},"end":{"line":67,"column":5}}},"8":{"name":"(anonymous_8)","decl":{"start":{"line":62,"column":36},"end":{"line":62,"column":40}},"loc":{"start":{"line":62,"column":44},"end":{"line":62,"column":81}}},"9":{"name":"(anonymous_9)","decl":{"start":{"line":70,"column":22},"end":{"line":70,"column":23}},"loc":{"start":{"line":70,"column":75},"end":{"line":80,"column":5}}},"10":{"name":"(anonymous_10)","decl":{"start":{"line":71,"column":36},"end":{"line":71,"column":40}},"loc":{"start":{"line":71,"column":44},"end":{"line":71,"column":81}}},"11":{"name":"(anonymous_11)","decl":{"start":{"line":76,"column":43},"end":{"line":76,"column":51}},"loc":{"start":{"line":76,"column":55},"end":{"line":76,"column":96}}},"12":{"name":"(anonymous_12)","decl":{"start":{"line":83,"column":15},"end":{"line":83,"column":16}},"loc":{"start":{"line":83,"column":25},"end":{"line":86,"column":5}}}},"branchMap":{"0":{"loc":{"start":{"line":17,"column":11},"end":{"line":17,"column":39}},"type":"cond-expr","locations":[{"start":{"line":17,"column":18},"end":{"line":17,"column":34}},{"start":{"line":17,"column":37},"end":{"line":17,"column":39}}]},"1":{"loc":{"start":{"line":35,"column":6},"end":{"line":39,"column":7}},"type":"if","locations":[{"start":{"line":35,"column":6},"end":{"line":39,"column":7}},{"start":{"line":37,"column":13},"end":{"line":39,"column":7}}]},"2":{"loc":{"start":{"line":54,"column":6},"end":{"line":57,"column":7}},"type":"if","locations":[{"start":{"line":54,"column":6},"end":{"line":57,"column":7}}]},"3":{"loc":{"start":{"line":54,"column":10},"end":{"line":54,"column":45}},"type":"binary-expr","locations":[{"start":{"line":54,"column":10},"end":{"line":54,"column":14}},{"start":{"line":54,"column":18},"end":{"line":54,"column":45}}]},"4":{"loc":{"start":{"line":63,"column":6},"end":{"line":66,"column":7}},"type":"if","locations":[{"start":{"line":63,"column":6},"end":{"line":66,"column":7}}]},"5":{"loc":{"start":{"line":72,"column":6},"end":{"line":79,"column":7}},"type":"if","locations":[{"start":{"line":72,"column":6},"end":{"line":79,"column":7}}]},"6":{"loc":{"start":{"line":73,"column":8},"end":{"line":77,"column":9}},"type":"if","locations":[{"start":{"line":73,"column":8},"end":{"line":77,"column":9}},{"start":{"line":75,"column":15},"end":{"line":77,"column":9}}]}},"s":{"0":1,"1":1,"2":1,"3":1,"4":1,"5":0,"6":1,"7":1,"8":0,"9":0,"10":0,"11":0,"12":0,"13":0,"14":0,"15":0,"16":0,"17":0,"18":0,"19":0,"20":0,"21":0,"22":0,"23":0,"24":0,"25":0,"26":0,"27":0,"28":0,"29":0,"30":0,"31":0,"32":0,"33":0,"34":0,"35":0,"36":0,"37":1,"38":1},"f":{"0":1,"1":0,"2":0,"3":0,"4":0,"5":0,"6":0,"7":0,"8":0,"9":0,"10":0,"11":0,"12":0},"b":{"0":[0,1],"1":[0,0],"2":[0],"3":[0,0],"4":[0],"5":[0],"6":[0,0]}}
,"C:\\Users\\user\\Bookstore\\src\\store\\slices\\favoritesSlice.ts": {"path":"C:\\Users\\user\\Bookstore\\src\\store\\slices\\favoritesSlice.ts","statementMap":{"0":{"start":{"line":2,"column":0},"end":{"line":2,"column":62}},"1":{"start":{"line":10,"column":33},"end":{"line":17,"column":1}},"2":{"start":{"line":11,"column":2},"end":{"line":16,"column":3}},"3":{"start":{"line":12,"column":22},"end":{"line":12,"column":65}},"4":{"start":{"line":13,"column":4},"end":{"line":13,"column":50}},"5":{"start":{"line":15,"column":4},"end":{"line":15,"column":14}},"6":{"start":{"line":19,"column":37},"end":{"line":21,"column":2}},"7":{"start":{"line":23,"column":23},"end":{"line":50,"column":2}},"8":{"start":{"line":29,"column":27},"end":{"line":29,"column":95}},"9":{"start":{"line":29,"column":52},"end":{"line":29,"column":94}},"10":{"start":{"line":30,"column":6},"end":{"line":34,"column":7}},"11":{"start":{"line":31,"column":8},"end":{"line":31,"column":46}},"12":{"start":{"line":33,"column":8},"end":{"line":33,"column":81}},"13":{"start":{"line":39,"column":6},"end":{"line":39,"column":86}},"14":{"start":{"line":39,"column":47},"end":{"line":39,"column":84}},"15":{"start":{"line":41,"column":6},"end":{"line":41,"column":79}},"16":{"start":{"line":46,"column":6},"end":{"line":46,"column":23}},"17":{"start":{"line":47,"column":6},"end":{"line":47,"column":53}},"18":{"start":{"line":52,"column":13},"end":{"line":55,"column":null}},"19":{"start":{"line":58,"column":0},"end":{"line":58,"column":38}}},"fnMap":{"0":{"name":"(anonymous_0)","decl":{"start":{"line":10,"column":33},"end":{"line":10,"column":44}},"loc":{"start":{"line":10,"column":46},"end":{"line":17,"column":1}}},"1":{"name":"(anonymous_1)","decl":{"start":{"line":28,"column":20},"end":{"line":28,"column":21}},"loc":{"start":{"line":28,"column":69},"end":{"line":35,"column":5}}},"2":{"name":"(anonymous_2)","decl":{"start":{"line":29,"column":44},"end":{"line":29,"column":48}},"loc":{"start":{"line":29,"column":52},"end":{"line":29,"column":94}}},"3":{"name":"(anonymous_3)","decl":{"start":{"line":38,"column":25},"end":{"line":38,"column":26}},"loc":{"start":{"line":38,"column":78},"end":{"line":42,"column":5}}},"4":{"name":"(anonymous_4)","decl":{"start":{"line":39,"column":39},"end":{"line":39,"column":43}},"loc":{"start":{"line":39,"column":47},"end":{"line":39,"column":84}}},"5":{"name":"(anonymous_5)","decl":{"start":{"line":45,"column":20},"end":{"line":45,"column":21}},"loc":{"start":{"line":45,"column":30},"end":{"line":48,"column":5}}}},"branchMap":{"0":{"loc":{"start":{"line":13,"column":11},"end":{"line":13,"column":49}},"type":"cond-expr","locations":[{"start":{"line":13,"column":23},"end":{"line":13,"column":44}},{"start":{"line":13,"column":47},"end":{"line":13,"column":49}}]},"1":{"loc":{"start":{"line":30,"column":6},"end":{"line":34,"column":7}},"type":"if","locations":[{"start":{"line":30,"column":6},"end":{"line":34,"column":7}}]}},"s":{"0":1,"1":1,"2":1,"3":1,"4":1,"5":0,"6":1,"7":1,"8":0,"9":0,"10":0,"11":0,"12":0,"13":0,"14":0,"15":0,"16":0,"17":0,"18":1,"19":1},"f":{"0":1,"1":0,"2":0,"3":0,"4":0,"5":0},"b":{"0":[0,1],"1":[0]}}
}
