TN:
SF:src\components\index.ts
FN:2,(anonymous_0)
FN:5,(anonymous_1)
FN:8,(anonymous_2)
FN:11,(anonymous_3)
FN:14,(anonymous_4)
FN:17,(anonymous_5)
FN:20,(anonymous_6)
FN:21,(anonymous_7)
FN:22,(anonymous_8)
FN:25,(anonymous_9)
FN:28,(anonymous_10)
FN:31,(anonymous_11)
FN:34,(anonymous_12)
FN:37,(anonymous_13)
FNF:14
FNH:3
FNDA:4,(anonymous_0)
FNDA:10,(anonymous_1)
FNDA:0,(anonymous_2)
FNDA:1,(anonymous_3)
FNDA:0,(anonymous_4)
FNDA:0,(anonymous_5)
FNDA:0,(anonymous_6)
FNDA:0,(anonymous_7)
FNDA:0,(anonymous_8)
FNDA:0,(anonymous_9)
FNDA:0,(anonymous_10)
FNDA:0,(anonymous_11)
FNDA:0,(anonymous_12)
FNDA:0,(anonymous_13)
DA:2,5
DA:5,11
DA:8,1
DA:11,2
DA:14,1
DA:17,1
DA:20,1
DA:21,1
DA:22,1
DA:25,1
DA:28,1
DA:31,1
DA:34,1
DA:37,1
LF:14
LH:14
BRF:0
BRH:0
end_of_record
TN:
SF:src\components\AuthForm\AuthForm.tsx
FN:21,(anonymous_1)
FN:44,(anonymous_2)
FN:69,(anonymous_3)
FN:99,(anonymous_4)
FN:115,(anonymous_5)
FN:128,(anonymous_6)
FN:129,(anonymous_7)
FN:136,(anonymous_8)
FN:137,(anonymous_9)
FN:144,(anonymous_10)
FN:188,(anonymous_11)
FN:205,(anonymous_12)
FN:213,(anonymous_13)
FN:248,(anonymous_14)
FN:254,(anonymous_15)
FN:267,(anonymous_16)
FN:268,(anonymous_17)
FN:279,(anonymous_18)
FN:280,(anonymous_19)
FN:290,(anonymous_20)
FN:291,(anonymous_21)
FN:302,(anonymous_22)
FN:303,(anonymous_23)
FN:356,(anonymous_24)
FN:357,(anonymous_25)
FNF:25
FNH:7
FNDA:4,(anonymous_1)
FNDA:4,(anonymous_2)
FNDA:0,(anonymous_3)
FNDA:0,(anonymous_4)
FNDA:0,(anonymous_5)
FNDA:0,(anonymous_6)
FNDA:0,(anonymous_7)
FNDA:0,(anonymous_8)
FNDA:0,(anonymous_9)
FNDA:0,(anonymous_10)
FNDA:1,(anonymous_11)
FNDA:3,(anonymous_12)
FNDA:0,(anonymous_13)
FNDA:0,(anonymous_14)
FNDA:1,(anonymous_15)
FNDA:0,(anonymous_16)
FNDA:0,(anonymous_17)
FNDA:0,(anonymous_18)
FNDA:0,(anonymous_19)
FNDA:0,(anonymous_20)
FNDA:0,(anonymous_21)
FNDA:0,(anonymous_22)
FNDA:0,(anonymous_23)
FNDA:8,(anonymous_24)
FNDA:8,(anonymous_25)
DA:2,1
DA:3,1
DA:4,1
DA:5,1
DA:21,1
DA:29,4
DA:36,4
DA:37,4
DA:38,4
DA:39,4
DA:41,4
DA:44,4
DA:45,4
DA:47,1
DA:53,1
DA:55,1
DA:58,3
DA:62,3
DA:64,3
DA:69,4
DA:70,0
DA:72,0
DA:73,0
DA:74,0
DA:77,0
DA:78,0
DA:79,0
DA:83,0
DA:84,0
DA:85,0
DA:89,0
DA:90,0
DA:91,0
DA:95,0
DA:96,0
DA:97,0
DA:99,0
DA:100,0
DA:101,0
DA:102,0
DA:107,0
DA:108,0
DA:110,0
DA:111,0
DA:115,0
DA:116,0
DA:118,0
DA:119,0
DA:121,0
DA:124,0
DA:128,4
DA:129,0
DA:131,0
DA:132,0
DA:136,4
DA:137,0
DA:138,0
DA:139,0
DA:140,0
DA:144,4
DA:145,0
DA:148,0
DA:149,0
DA:150,0
DA:151,0
DA:152,0
DA:153,0
DA:155,0
DA:156,0
DA:158,0
DA:161,0
DA:163,0
DA:164,0
DA:165,0
DA:166,0
DA:167,0
DA:168,0
DA:169,0
DA:170,0
DA:171,0
DA:174,0
DA:175,0
DA:176,0
DA:179,0
DA:180,0
DA:181,0
DA:184,0
DA:185,0
DA:188,4
DA:189,1
DA:190,1
DA:191,1
DA:197,1
DA:198,1
DA:199,1
DA:200,1
DA:205,4
DA:207,3
DA:208,0
DA:209,0
DA:213,4
DA:214,0
DA:215,0
DA:216,0
DA:217,0
DA:218,0
DA:222,4
DA:223,0
DA:243,4
DA:248,0
DA:254,1
DA:267,0
DA:268,0
DA:279,0
DA:280,0
DA:290,0
DA:291,0
DA:302,0
DA:303,0
DA:336,1
DA:342,1
DA:348,1
DA:356,8
DA:357,8
DA:365,1
DA:371,1
DA:381,1
DA:393,1
DA:398,1
DA:403,1
DA:409,1
DA:415,1
LF:132
LH:50
BRDA:23,0,0,4
BRDA:24,1,0,4
BRDA:45,2,0,1
BRDA:45,2,1,3
BRDA:47,3,0,1
BRDA:47,3,1,0
BRDA:47,3,2,0
BRDA:47,3,3,0
BRDA:55,4,0,1
BRDA:55,4,1,0
BRDA:58,5,0,3
BRDA:58,5,1,0
BRDA:64,6,0,3
BRDA:64,6,1,0
BRDA:72,7,0,0
BRDA:72,7,1,0
BRDA:73,8,0,0
BRDA:73,9,0,0
BRDA:73,9,1,0
BRDA:73,9,2,0
BRDA:77,10,0,0
BRDA:77,11,0,0
BRDA:77,11,1,0
BRDA:78,12,0,0
BRDA:83,13,0,0
BRDA:83,14,0,0
BRDA:83,14,1,0
BRDA:84,15,0,0
BRDA:89,16,0,0
BRDA:89,17,0,0
BRDA:89,17,1,0
BRDA:89,17,2,0
BRDA:90,18,0,0
BRDA:95,19,0,0
BRDA:95,20,0,0
BRDA:95,20,1,0
BRDA:96,21,0,0
BRDA:96,21,1,0
BRDA:107,22,0,0
BRDA:107,23,0,0
BRDA:107,23,1,0
BRDA:107,23,2,0
BRDA:110,24,0,0
BRDA:110,25,0,0
BRDA:110,25,1,0
BRDA:110,25,2,0
BRDA:118,26,0,0
BRDA:118,26,1,0
BRDA:131,27,0,0
BRDA:131,28,0,0
BRDA:131,28,1,0
BRDA:139,29,0,0
BRDA:149,30,0,0
BRDA:149,30,1,0
BRDA:163,31,0,0
BRDA:163,31,1,0
BRDA:164,32,0,0
BRDA:165,33,0,0
BRDA:165,33,1,0
BRDA:166,34,0,0
BRDA:167,35,0,0
BRDA:167,35,1,0
BRDA:168,36,0,0
BRDA:169,37,0,0
BRDA:169,37,1,0
BRDA:170,38,0,0
BRDA:174,39,0,0
BRDA:174,39,1,0
BRDA:175,40,0,0
BRDA:176,41,0,0
BRDA:179,42,0,0
BRDA:189,43,0,1
BRDA:207,44,0,0
BRDA:207,45,0,3
BRDA:207,45,1,1
BRDA:207,45,2,0
BRDA:207,45,3,0
BRDA:222,46,0,0
BRDA:261,47,0,4
BRDA:261,47,1,1
BRDA:269,48,0,0
BRDA:269,48,1,1
BRDA:281,49,0,0
BRDA:281,49,1,4
BRDA:292,50,0,0
BRDA:292,50,1,4
BRDA:296,51,0,4
BRDA:296,51,1,1
BRDA:304,52,0,0
BRDA:304,52,1,1
BRDA:309,53,0,4
BRDA:309,53,1,0
BRDA:315,54,0,4
BRDA:315,54,1,3
BRDA:326,55,0,4
BRDA:326,55,1,4
BRDA:328,56,0,0
BRDA:328,56,1,4
BRDA:328,57,0,3
BRDA:328,57,1,1
BRDA:356,58,0,4
BRDA:356,58,1,4
BRDA:357,59,0,4
BRDA:357,59,1,4
BRF:104
BRH:31
end_of_record
TN:
SF:src\components\AuthForm\index.ts
FN:2,(anonymous_0)
FNF:1
FNH:1
FNDA:3,(anonymous_0)
DA:2,4
LF:1
LH:1
BRF:0
BRH:0
end_of_record
TN:
SF:src\components\BackButton\BackButton.tsx
FN:11,(anonymous_1)
FN:17,(anonymous_2)
FNF:2
FNH:0
FNDA:0,(anonymous_1)
FNDA:0,(anonymous_2)
DA:3,1
DA:4,1
DA:11,1
DA:15,0
DA:17,0
DA:18,0
DA:19,0
DA:21,0
DA:25,0
DA:32,1
LF:10
LH:4
BRDA:18,0,0,0
BRDA:18,0,1,0
BRF:2
BRH:0
end_of_record
TN:
SF:src\components\BackButton\index.ts
FN:2,(anonymous_0)
FNF:1
FNH:0
FNDA:0,(anonymous_0)
DA:2,1
LF:1
LH:1
BRF:0
BRH:0
end_of_record
TN:
SF:src\components\BookCard\BookCard.tsx
FN:19,(anonymous_1)
FN:27,(anonymous_2)
FNF:2
FNH:1
FNDA:2,(anonymous_1)
FNDA:0,(anonymous_2)
DA:3,2
DA:4,2
DA:5,2
DA:6,2
DA:7,2
DA:19,2
DA:27,2
DA:28,0
DA:31,2
DA:32,2
DA:35,2
DA:36,2
DA:38,2
DA:39,2
DA:60,0
DA:109,2
DA:120,2
DA:129,2
DA:138,2
DA:153,2
DA:163,2
DA:170,2
DA:177,2
DA:185,2
DA:191,2
DA:199,2
DA:206,2
DA:218,2
DA:225,2
DA:232,2
DA:238,2
DA:244,2
LF:32
LH:30
BRDA:21,0,0,0
BRDA:24,1,0,2
BRDA:25,2,0,2
BRDA:35,3,0,2
BRDA:35,3,1,0
BRDA:36,4,0,2
BRDA:36,4,1,0
BRDA:38,5,0,2
BRDA:42,6,0,2
BRDA:42,6,1,0
BRDA:43,7,0,2
BRDA:43,7,1,0
BRDA:48,8,0,2
BRDA:48,8,1,0
BRDA:50,9,0,2
BRDA:50,9,1,2
BRDA:64,10,0,0
BRDA:64,10,1,0
BRDA:65,11,0,0
BRDA:65,11,1,0
BRDA:76,12,0,0
BRDA:76,12,1,0
BRDA:83,13,0,0
BRDA:83,13,1,0
BRDA:98,14,0,0
BRDA:98,14,1,0
BRF:26
BRH:10
end_of_record
TN:
SF:src\components\BookCard\index.ts
FN:2,(anonymous_0)
FNF:1
FNH:1
FNDA:2,(anonymous_0)
DA:2,4
LF:1
LH:1
BRF:0
BRH:0
end_of_record
TN:
SF:src\components\BookCarousel\BookCarousel.tsx
FN:12,(anonymous_1)
FN:15,(anonymous_2)
FN:16,(anonymous_3)
FN:21,(anonymous_4)
FN:22,(anonymous_5)
FN:28,(anonymous_6)
FN:37,(anonymous_7)
FN:72,(anonymous_8)
FN:149,(anonymous_9)
FNF:9
FNH:0
FNDA:0,(anonymous_1)
FNDA:0,(anonymous_2)
FNDA:0,(anonymous_3)
FNDA:0,(anonymous_4)
FNDA:0,(anonymous_5)
FNDA:0,(anonymous_6)
FNDA:0,(anonymous_7)
FNDA:0,(anonymous_8)
FNDA:0,(anonymous_9)
DA:2,1
DA:3,1
DA:4,1
DA:12,1
DA:13,0
DA:15,0
DA:16,0
DA:17,0
DA:21,0
DA:22,0
DA:23,0
DA:28,0
DA:29,0
DA:31,0
DA:32,0
DA:33,0
DA:37,0
DA:38,0
DA:39,0
DA:41,0
DA:42,0
DA:43,0
DA:46,0
DA:49,0
DA:51,0
DA:52,0
DA:54,0
DA:73,0
DA:87,1
DA:100,1
DA:110,1
DA:116,1
DA:121,1
DA:141,1
DA:147,1
DA:149,0
DA:164,1
DA:176,1
LF:38
LH:13
BRDA:17,0,0,0
BRDA:17,0,1,0
BRDA:23,1,0,0
BRDA:23,1,1,0
BRDA:29,2,0,0
BRDA:31,3,0,0
BRDA:32,4,0,0
BRDA:49,5,0,0
BRDA:58,6,0,0
BRDA:58,6,1,0
BRF:10
BRH:0
end_of_record
TN:
SF:src\components\BookDetails\BookDetails.tsx
FN:18,(anonymous_1)
FN:27,(anonymous_2)
FN:76,(anonymous_3)
FNF:3
FNH:0
FNDA:0,(anonymous_1)
FNDA:0,(anonymous_2)
FNDA:0,(anonymous_3)
DA:2,1
DA:3,1
DA:4,1
DA:5,1
DA:6,1
DA:8,1
DA:18,1
DA:25,0
DA:27,0
DA:28,0
DA:31,0
DA:32,0
DA:34,0
DA:76,0
DA:120,1
DA:132,1
DA:136,1
DA:141,1
DA:146,1
DA:153,1
DA:159,1
DA:165,1
DA:171,1
DA:177,1
DA:184,1
DA:189,1
DA:193,1
DA:207,1
DA:214,1
DA:224,1
DA:230,1
DA:241,1
LF:32
LH:25
BRDA:23,0,0,0
BRDA:41,1,0,0
BRDA:41,1,1,0
BRDA:42,2,0,0
BRDA:42,2,1,0
BRDA:63,3,0,0
BRDA:63,3,1,0
BRDA:66,4,0,0
BRDA:66,4,1,0
BRDA:77,5,0,0
BRDA:77,5,1,0
BRDA:80,6,0,0
BRDA:80,6,1,0
BRDA:84,7,0,0
BRDA:84,7,1,0
BRDA:88,8,0,0
BRDA:88,8,1,0
BRDA:107,9,0,0
BRDA:107,9,1,0
BRF:19
BRH:0
end_of_record
TN:
SF:src\components\BookDetails\index.ts
FN:2,(anonymous_0)
FNF:1
FNH:0
FNDA:0,(anonymous_0)
DA:2,1
LF:1
LH:1
BRF:0
BRH:0
end_of_record
TN:
SF:src\components\Button\Button.tsx
FN:18,(anonymous_1)
FN:47,(anonymous_2)
FN:57,(anonymous_3)
FN:70,(anonymous_4)
FN:81,(anonymous_5)
FN:98,(anonymous_6)
FN:106,(anonymous_7)
FNF:7
FNH:7
FNDA:4,(anonymous_1)
FNDA:4,(anonymous_2)
FNDA:4,(anonymous_3)
FNDA:4,(anonymous_4)
FNDA:4,(anonymous_5)
FNDA:4,(anonymous_6)
FNDA:4,(anonymous_7)
DA:3,2
DA:18,2
DA:27,4
DA:46,2
DA:48,4
DA:49,0
DA:50,0
DA:51,4
DA:58,4
DA:59,0
DA:60,0
DA:61,4
DA:70,4
DA:81,4
DA:99,4
DA:100,0
DA:101,0
DA:102,4
DA:107,4
DA:108,0
DA:109,0
DA:110,4
LF:22
LH:14
BRDA:21,0,0,0
BRDA:22,1,0,0
BRDA:23,2,0,4
BRDA:24,3,0,0
BRDA:48,4,0,0
BRDA:48,4,1,0
BRDA:48,4,2,4
BRDA:58,5,0,0
BRDA:58,5,1,0
BRDA:58,5,2,4
BRDA:70,6,0,4
BRDA:70,6,1,4
BRDA:81,7,0,4
BRDA:81,7,1,0
BRDA:99,8,0,0
BRDA:99,8,1,0
BRDA:99,8,2,4
BRDA:107,9,0,0
BRDA:107,9,1,0
BRDA:107,9,2,4
BRF:20
BRH:8
end_of_record
TN:
SF:src\components\Button\index.ts
FN:1,(anonymous_0)
FNF:1
FNH:1
FNDA:4,(anonymous_0)
DA:1,6
LF:1
LH:1
BRF:0
BRH:0
end_of_record
TN:
SF:src\components\Card\Card.tsx
FN:12,(anonymous_1)
FN:31,(anonymous_2)
FN:35,(anonymous_3)
FN:39,(anonymous_4)
FN:43,(anonymous_5)
FN:48,(anonymous_6)
FN:52,(anonymous_7)
FNF:7
FNH:7
FNDA:4,(anonymous_1)
FNDA:4,(anonymous_2)
FNDA:4,(anonymous_3)
FNDA:4,(anonymous_4)
FNDA:4,(anonymous_5)
FNDA:4,(anonymous_6)
FNDA:4,(anonymous_7)
DA:3,1
DA:12,1
DA:18,4
DA:25,1
DA:31,4
DA:35,4
DA:39,4
DA:43,4
DA:48,4
DA:52,4
LF:10
LH:10
BRDA:15,0,0,0
BRDA:31,1,0,4
BRDA:31,1,1,0
BRDA:35,2,0,4
BRDA:35,2,1,0
BRDA:39,3,0,4
BRDA:39,3,1,0
BRDA:43,4,0,4
BRDA:43,4,1,4
BRDA:48,5,0,4
BRDA:48,5,1,4
BRDA:52,6,0,4
BRDA:52,6,1,0
BRF:13
BRH:8
end_of_record
TN:
SF:src\components\Card\index.ts
FN:2,(anonymous_0)
FNF:1
FNH:1
FNDA:1,(anonymous_0)
DA:2,2
LF:1
LH:1
BRF:0
BRH:0
end_of_record
TN:
SF:src\components\FavoriteButton\FavoriteButton.tsx
FN:11,(anonymous_1)
FNF:1
FNH:0
FNDA:0,(anonymous_1)
DA:3,1
DA:11,1
DA:16,0
DA:27,1
LF:4
LH:3
BRDA:22,0,0,0
BRDA:22,0,1,0
BRF:2
BRH:0
end_of_record
TN:
SF:src\components\FavoriteButton\index.ts
FN:2,(anonymous_0)
FNF:1
FNH:0
FNDA:0,(anonymous_0)
DA:2,1
LF:1
LH:1
BRF:0
BRH:0
end_of_record
TN:
SF:src\components\Footer\Footer.tsx
FN:9,(anonymous_1)
FNF:1
FNH:0
FNDA:0,(anonymous_1)
DA:3,1
DA:9,1
DA:10,0
DA:21,1
DA:28,1
DA:43,1
DA:49,1
DA:54,1
LF:8
LH:7
BRF:0
BRH:0
end_of_record
TN:
SF:src\components\Footer\index.ts
FN:2,(anonymous_0)
FNF:1
FNH:0
FNDA:0,(anonymous_0)
DA:2,1
LF:1
LH:1
BRF:0
BRH:0
end_of_record
TN:
SF:src\components\Heading\Heading.tsx
FN:83,(anonymous_1)
FNF:1
FNH:0
FNDA:0,(anonymous_1)
DA:2,1
DA:11,1
DA:27,1
DA:43,1
DA:59,1
DA:67,1
DA:75,1
DA:83,1
DA:88,0
DA:97,0
DA:99,0
LF:11
LH:8
BRDA:85,0,0,0
BRF:1
BRH:0
end_of_record
TN:
SF:src\components\Heading\index.ts
FN:2,(anonymous_0)
FNF:1
FNH:0
FNDA:0,(anonymous_0)
DA:2,1
LF:1
LH:1
BRF:0
BRH:0
end_of_record
TN:
SF:src\components\Input\Input.tsx
FN:18,(anonymous_1)
FN:41,(anonymous_2)
FN:67,(anonymous_3)
FNF:3
FNH:2
FNDA:10,(anonymous_1)
FNDA:0,(anonymous_2)
FNDA:10,(anonymous_3)
DA:3,1
DA:18,1
DA:30,10
DA:41,0
DA:52,1
DA:59,1
DA:65,1
DA:67,10
DA:97,1
DA:103,1
LF:10
LH:9
BRDA:19,0,0,0
BRDA:26,1,0,0
BRDA:28,2,0,10
BRDA:32,3,0,10
BRDA:32,3,1,10
BRDA:47,4,0,10
BRDA:47,4,1,0
BRDA:67,5,0,0
BRDA:67,5,1,10
BRF:9
BRH:5
end_of_record
TN:
SF:src\components\Input\index.ts
FN:2,(anonymous_0)
FNF:1
FNH:1
FNDA:10,(anonymous_0)
DA:2,11
LF:1
LH:1
BRF:0
BRH:0
end_of_record
TN:
SF:src\components\Layout\DesktopNav.tsx
FN:7,(anonymous_1)
FN:16,(anonymous_2)
FN:23,(anonymous_3)
FN:36,(anonymous_4)
FNF:4
FNH:0
FNDA:0,(anonymous_1)
FNDA:0,(anonymous_2)
FNDA:0,(anonymous_3)
FNDA:0,(anonymous_4)
DA:3,1
DA:4,1
DA:7,1
DA:14,0
DA:16,0
DA:17,0
DA:18,0
DA:19,0
DA:23,0
DA:24,0
DA:25,0
DA:29,0
DA:36,0
DA:79,1
DA:91,1
DA:103,1
DA:117,1
DA:134,1
DA:140,1
DA:152,1
DA:161,1
DA:177,1
LF:22
LH:12
BRDA:17,0,0,0
BRDA:24,1,0,0
BRDA:52,2,0,0
BRDA:52,2,1,0
BRDA:61,3,0,0
BRDA:61,3,1,0
BRF:6
BRH:0
end_of_record
TN:
SF:src\components\Layout\Header.tsx
FN:9,(anonymous_1)
FNF:1
FNH:0
FNDA:0,(anonymous_1)
DA:3,1
DA:4,1
DA:5,1
DA:6,1
DA:9,1
DA:21,0
DA:47,1
DA:56,1
DA:73,1
DA:91,1
LF:10
LH:9
BRF:0
BRH:0
end_of_record
TN:
SF:src\components\Layout\Layout.tsx
FN:9,(anonymous_1)
FNF:1
FNH:0
FNDA:0,(anonymous_1)
DA:3,1
DA:4,1
DA:5,1
DA:6,1
DA:9,1
DA:23,0
DA:58,1
DA:65,1
DA:81,1
LF:9
LH:8
BRF:0
BRH:0
end_of_record
TN:
SF:src\components\Layout\MobileMenu.tsx
FN:7,(anonymous_1)
FN:20,(anonymous_2)
FN:28,(anonymous_3)
FN:53,(anonymous_4)
FN:119,(anonymous_5)
FN:172,(anonymous_6)
FN:173,(anonymous_7)
FNF:7
FNH:0
FNDA:0,(anonymous_1)
FNDA:0,(anonymous_2)
FNDA:0,(anonymous_3)
FNDA:0,(anonymous_4)
FNDA:0,(anonymous_5)
FNDA:0,(anonymous_6)
FNDA:0,(anonymous_7)
DA:3,1
DA:4,1
DA:7,1
DA:18,0
DA:20,0
DA:21,0
DA:22,0
DA:23,0
DA:24,0
DA:28,0
DA:29,0
DA:30,0
DA:34,0
DA:53,0
DA:111,1
DA:119,0
DA:134,1
DA:142,1
DA:149,1
DA:159,1
DA:165,1
DA:172,0
DA:173,0
DA:182,1
DA:190,1
DA:202,1
DA:217,1
DA:230,1
DA:234,1
DA:246,1
DA:255,1
DA:270,1
DA:276,1
DA:292,1
LF:34
LH:20
BRDA:21,0,0,0
BRDA:29,1,0,0
BRDA:63,2,0,0
BRDA:63,2,1,0
BRDA:73,3,0,0
BRDA:73,3,1,0
BRDA:85,4,0,0
BRDA:85,4,1,0
BRDA:119,5,0,0
BRDA:119,5,1,0
BRDA:172,6,0,0
BRDA:172,6,1,0
BRDA:173,7,0,0
BRDA:173,7,1,0
BRF:14
BRH:0
end_of_record
TN:
SF:src\components\Layout\MobileNav.tsx
FN:7,(anonymous_1)
FNF:1
FNH:0
FNDA:0,(anonymous_1)
DA:3,1
DA:4,1
DA:7,1
DA:12,0
DA:44,1
DA:54,1
DA:58,1
DA:70,1
DA:79,1
DA:95,1
DA:110,1
DA:119,1
DA:141,1
DA:147,1
LF:14
LH:13
BRDA:20,0,0,0
BRDA:20,0,1,0
BRDA:26,1,0,0
BRDA:26,1,1,0
BRF:4
BRH:0
end_of_record
TN:
SF:src\components\Layout\index.ts
FN:2,(anonymous_0)
FN:4,(anonymous_1)
FN:5,(anonymous_2)
FN:6,(anonymous_3)
FN:7,(anonymous_4)
FNF:5
FNH:0
FNDA:0,(anonymous_0)
FNDA:0,(anonymous_1)
FNDA:0,(anonymous_2)
FNDA:0,(anonymous_3)
FNDA:0,(anonymous_4)
DA:2,1
DA:4,1
DA:5,1
DA:6,1
DA:7,1
LF:5
LH:5
BRF:0
BRH:0
end_of_record
TN:
SF:src\components\PageTitle\PageTitle.tsx
FN:10,(anonymous_1)
FNF:1
FNH:0
FNDA:0,(anonymous_1)
DA:3,1
DA:10,1
DA:14,0
DA:17,1
LF:4
LH:3
BRF:0
BRH:0
end_of_record
TN:
SF:src\components\PageTitle\index.ts
FN:2,(anonymous_0)
FNF:1
FNH:0
FNDA:0,(anonymous_0)
DA:2,1
LF:1
LH:1
BRF:0
BRH:0
end_of_record
TN:
SF:src\components\Pagination\Pagination.tsx
FN:12,(anonymous_1)
FN:24,(anonymous_2)
FN:35,(anonymous_3)
FN:45,(anonymous_4)
FN:46,(anonymous_5)
FN:50,(anonymous_6)
FN:64,(anonymous_7)
FN:73,(anonymous_8)
FN:118,(anonymous_9)
FN:119,(anonymous_10)
FNF:10
FNH:0
FNDA:0,(anonymous_1)
FNDA:0,(anonymous_2)
FNDA:0,(anonymous_3)
FNDA:0,(anonymous_4)
FNDA:0,(anonymous_5)
FNDA:0,(anonymous_6)
FNDA:0,(anonymous_7)
FNDA:0,(anonymous_8)
FNDA:0,(anonymous_9)
FNDA:0,(anonymous_10)
DA:3,1
DA:12,1
DA:18,0
DA:20,0
DA:24,0
DA:35,0
DA:45,0
DA:47,0
DA:50,0
DA:64,0
DA:73,0
DA:83,1
DA:93,1
DA:111,1
DA:117,1
DA:118,0
DA:119,0
DA:128,1
DA:133,1
LF:19
LH:8
BRDA:18,0,0,0
BRDA:41,1,0,0
BRDA:41,1,1,0
BRDA:45,2,0,0
BRDA:45,2,1,0
BRDA:58,3,0,0
BRDA:58,3,1,0
BRDA:61,4,0,0
BRDA:61,4,1,0
BRDA:118,5,0,0
BRDA:118,5,1,0
BRDA:119,6,0,0
BRDA:119,6,1,0
BRF:13
BRH:0
end_of_record
TN:
SF:src\components\Pagination\index.ts
FN:2,(anonymous_0)
FNF:1
FNH:0
FNDA:0,(anonymous_0)
DA:2,1
LF:1
LH:1
BRF:0
BRH:0
end_of_record
TN:
SF:src\components\ProtectedRoute\ProtectedRoute.tsx
FN:11,(anonymous_0)
FN:12,(anonymous_1)
FNF:2
FNH:0
FNDA:0,(anonymous_0)
FNDA:0,(anonymous_1)
DA:3,1
DA:4,1
DA:11,1
DA:12,0
DA:13,0
DA:15,0
DA:17,0
DA:20,0
LF:8
LH:3
BRDA:15,0,0,0
BRF:1
BRH:0
end_of_record
TN:
SF:src\components\ProtectedRoute\index.ts
FN:2,(anonymous_0)
FNF:1
FNH:0
FNDA:0,(anonymous_0)
DA:2,1
LF:1
LH:1
BRF:0
BRH:0
end_of_record
TN:
SF:src\components\Rating\Rating.tsx
FN:11,(anonymous_1)
FN:19,(anonymous_2)
FN:32,(anonymous_3)
FN:36,(anonymous_4)
FN:40,(anonymous_5)
FN:46,(anonymous_6)
FNF:6
FNH:6
FNDA:2,(anonymous_1)
FNDA:10,(anonymous_2)
FNDA:2,(anonymous_3)
FNDA:2,(anonymous_4)
FNDA:2,(anonymous_5)
FNDA:10,(anonymous_6)
DA:2,2
DA:11,2
DA:17,2
DA:20,10
DA:28,2
DA:32,2
DA:36,2
DA:40,2
DA:45,2
DA:46,10
LF:10
LH:10
BRDA:13,0,0,2
BRDA:14,1,0,0
BRDA:32,2,0,2
BRDA:32,2,1,0
BRDA:36,3,0,2
BRDA:36,3,1,2
BRDA:40,4,0,2
BRDA:40,4,1,0
BRDA:46,5,0,8
BRDA:46,5,1,2
BRF:10
BRH:7
end_of_record
TN:
SF:src\components\Rating\index.ts
FN:2,(anonymous_0)
FNF:1
FNH:1
FNDA:2,(anonymous_0)
DA:2,4
LF:1
LH:1
BRF:0
BRH:0
end_of_record
TN:
SF:src\containers\BookCardContainer.tsx
FN:16,(anonymous_0)
FN:22,(anonymous_1)
FN:26,(anonymous_2)
FN:30,(anonymous_3)
FNF:4
FNH:0
FNDA:0,(anonymous_0)
FNDA:0,(anonymous_1)
FNDA:0,(anonymous_2)
FNDA:0,(anonymous_3)
DA:3,1
DA:4,1
DA:5,1
DA:6,1
DA:7,1
DA:16,1
DA:21,0
DA:22,0
DA:23,0
DA:26,0
DA:27,0
DA:30,0
DA:31,0
DA:32,0
DA:34,0
DA:38,0
LF:16
LH:6
BRDA:18,0,0,0
BRDA:19,1,0,0
BRDA:31,2,0,0
BRDA:31,2,1,0
BRF:4
BRH:0
end_of_record
TN:
SF:src\helpers\api.ts
FN:6,(anonymous_7)
FN:19,(anonymous_8)
FN:22,(anonymous_9)
FN:50,(anonymous_10)
FN:51,(anonymous_11)
FNF:5
FNH:0
FNDA:0,(anonymous_7)
FNDA:0,(anonymous_8)
FNDA:0,(anonymous_9)
FNDA:0,(anonymous_10)
FNDA:0,(anonymous_11)
DA:5,4
DA:8,0
DA:9,0
DA:11,0
DA:12,0
DA:19,4
DA:22,0
DA:23,0
DA:24,0
DA:26,0
DA:27,0
DA:33,0
DA:34,0
DA:36,0
DA:37,0
DA:41,0
DA:50,4
DA:51,0
LF:18
LH:3
BRDA:26,0,0,0
BRDA:36,1,0,0
BRDA:42,2,0,0
BRDA:42,2,1,0
BRF:4
BRH:0
end_of_record
TN:
SF:src\helpers\formatters.ts
FN:5,(anonymous_0)
FN:13,(anonymous_1)
FN:21,(anonymous_2)
FN:29,(anonymous_3)
FN:37,(anonymous_4)
FNF:5
FNH:3
FNDA:2,(anonymous_0)
FNDA:2,(anonymous_1)
FNDA:4,(anonymous_2)
FNDA:0,(anonymous_3)
FNDA:0,(anonymous_4)
DA:5,4
DA:6,2
DA:7,2
DA:13,4
DA:14,2
DA:15,2
DA:21,4
DA:22,4
DA:23,0
DA:29,4
DA:30,0
DA:31,0
DA:37,4
DA:38,0
DA:40,0
DA:41,0
DA:42,0
LF:17
LH:10
BRDA:6,0,0,0
BRDA:7,1,0,2
BRDA:7,1,1,0
BRDA:14,2,0,2
BRDA:14,2,1,0
BRDA:14,3,0,2
BRDA:14,3,1,2
BRDA:22,4,0,4
BRDA:30,5,0,0
BRDA:30,5,1,0
BRDA:31,6,0,0
BRDA:31,6,1,0
BRDA:38,7,0,0
BRF:13
BRH:5
end_of_record
TN:
SF:src\helpers\index.ts
FNF:0
FNH:0
DA:2,4
DA:3,4
DA:4,4
DA:5,4
DA:6,4
LF:5
LH:5
BRF:0
BRH:0
end_of_record
TN:
SF:src\helpers\normalizers.ts
FN:7,(anonymous_0)
FN:27,(anonymous_1)
FN:47,(anonymous_2)
FNF:3
FNH:0
FNDA:0,(anonymous_0)
FNDA:0,(anonymous_1)
FNDA:0,(anonymous_2)
DA:7,4
DA:8,0
DA:27,4
DA:28,0
DA:47,4
DA:48,0
DA:50,0
LF:7
LH:3
BRDA:9,0,0,0
BRDA:9,0,1,0
BRDA:10,1,0,0
BRDA:10,1,1,0
BRDA:11,2,0,0
BRDA:11,2,1,0
BRDA:12,3,0,0
BRDA:12,3,1,0
BRDA:13,4,0,0
BRDA:13,4,1,0
BRDA:14,5,0,0
BRDA:14,5,1,0
BRDA:15,6,0,0
BRDA:15,6,1,0
BRDA:16,7,0,0
BRDA:16,7,1,0
BRDA:17,8,0,0
BRDA:17,8,1,0
BRDA:18,9,0,0
BRDA:18,9,1,0
BRDA:19,10,0,0
BRDA:19,10,1,0
BRDA:20,11,0,0
BRDA:20,11,1,0
BRDA:29,12,0,0
BRDA:29,12,1,0
BRDA:30,13,0,0
BRDA:30,13,1,0
BRDA:31,14,0,0
BRDA:31,14,1,0
BRDA:32,15,0,0
BRDA:32,15,1,0
BRDA:33,16,0,0
BRDA:33,16,1,0
BRDA:34,17,0,0
BRDA:34,17,1,0
BRDA:35,18,0,0
BRDA:35,18,1,0
BRDA:36,19,0,0
BRDA:36,19,1,0
BRDA:37,20,0,0
BRDA:37,20,1,0
BRDA:38,21,0,0
BRDA:38,21,1,0
BRDA:39,22,0,0
BRDA:39,22,1,0
BRDA:40,23,0,0
BRDA:40,23,1,0
BRDA:48,24,0,0
BRF:49
BRH:0
end_of_record
TN:
SF:src\helpers\storage.ts
FN:6,(anonymous_0)
FN:16,(anonymous_1)
FN:24,(anonymous_2)
FN:32,(anonymous_3)
FNF:4
FNH:1
FNDA:0,(anonymous_0)
FNDA:0,(anonymous_1)
FNDA:1,(anonymous_2)
FNDA:0,(anonymous_3)
DA:5,4
DA:7,0
DA:8,0
DA:9,0
DA:11,0
DA:12,0
DA:17,0
DA:18,0
DA:20,0
DA:25,1
DA:26,1
DA:28,0
DA:33,0
DA:34,0
DA:36,0
LF:15
LH:3
BRDA:9,0,0,0
BRDA:9,0,1,0
BRF:2
BRH:0
end_of_record
TN:
SF:src\helpers\validation.ts
FN:5,(anonymous_0)
FN:13,(anonymous_1)
FN:20,(anonymous_2)
FN:27,(anonymous_3)
FNF:4
FNH:2
FNDA:7,(anonymous_0)
FNDA:6,(anonymous_1)
FNDA:0,(anonymous_2)
FNDA:0,(anonymous_3)
DA:5,4
DA:6,7
DA:7,7
DA:13,4
DA:14,6
DA:20,4
DA:21,0
DA:27,4
DA:28,0
LF:9
LH:7
BRF:0
BRH:0
end_of_record
TN:
SF:src\store\hooks.ts
FN:6,(anonymous_0)
FN:10,(anonymous_1)
FN:10,(anonymous_2)
FN:11,(anonymous_3)
FN:11,(anonymous_4)
FN:12,(anonymous_5)
FN:12,(anonymous_6)
FN:13,(anonymous_7)
FN:13,(anonymous_8)
FNF:9
FNH:0
FNDA:0,(anonymous_0)
FNDA:0,(anonymous_1)
FNDA:0,(anonymous_2)
FNDA:0,(anonymous_3)
FNDA:0,(anonymous_4)
FNDA:0,(anonymous_5)
FNDA:0,(anonymous_6)
FNDA:0,(anonymous_7)
FNDA:0,(anonymous_8)
DA:2,1
DA:6,1
DA:7,1
DA:10,1
DA:11,1
DA:12,1
DA:13,1
LF:7
LH:7
BRF:0
BRH:0
end_of_record
TN:
SF:src\store\selectors\booksSelectors.ts
FN:4,(anonymous_0)
FN:5,(anonymous_1)
FN:6,(anonymous_2)
FN:7,(anonymous_3)
FN:8,(anonymous_4)
FN:9,(anonymous_5)
FN:10,(anonymous_6)
FN:11,(anonymous_7)
FN:14,(anonymous_8)
FN:17,(anonymous_9)
FN:20,(anonymous_10)
FN:23,(anonymous_11)
FN:24,(anonymous_12)
FNF:13
FNH:2
FNDA:1,(anonymous_0)
FNDA:0,(anonymous_1)
FNDA:0,(anonymous_2)
FNDA:1,(anonymous_3)
FNDA:0,(anonymous_4)
FNDA:0,(anonymous_5)
FNDA:0,(anonymous_6)
FNDA:0,(anonymous_7)
FNDA:0,(anonymous_8)
FNDA:0,(anonymous_9)
FNDA:0,(anonymous_10)
FNDA:0,(anonymous_11)
FNDA:0,(anonymous_12)
DA:4,2
DA:5,2
DA:6,2
DA:7,2
DA:8,2
DA:9,2
DA:10,2
DA:11,2
DA:14,2
DA:17,2
DA:20,2
DA:21,0
DA:23,2
DA:24,2
LF:14
LH:13
BRDA:21,0,0,0
BRDA:21,0,1,0
BRDA:21,1,0,0
BRDA:21,1,1,0
BRF:4
BRH:0
end_of_record
TN:
SF:src\store\selectors\cartSelectors.ts
FN:5,(anonymous_0)
FN:7,(anonymous_1)
FN:8,(anonymous_2)
FN:14,(anonymous_3)
FN:15,(anonymous_4)
FN:18,(anonymous_5)
FN:19,(anonymous_6)
FNF:7
FNH:0
FNDA:0,(anonymous_0)
FNDA:0,(anonymous_1)
FNDA:0,(anonymous_2)
FNDA:0,(anonymous_3)
FNDA:0,(anonymous_4)
FNDA:0,(anonymous_5)
FNDA:0,(anonymous_6)
DA:5,2
DA:7,2
DA:8,0
DA:9,0
DA:10,0
DA:14,2
DA:15,0
DA:18,2
DA:19,0
DA:20,0
LF:10
LH:4
BRDA:9,0,0,0
BRDA:9,0,1,0
BRDA:9,1,0,0
BRDA:9,1,1,0
BRDA:9,2,0,0
BRDA:9,2,1,0
BRDA:20,3,0,0
BRDA:20,3,1,0
BRF:8
BRH:0
end_of_record
TN:
SF:src\store\selectors\favoritesSelectors.ts
FN:5,(anonymous_0)
FN:7,(anonymous_1)
FN:8,(anonymous_2)
FN:11,(anonymous_3)
FNF:4
FNH:0
FNDA:0,(anonymous_0)
FNDA:0,(anonymous_1)
FNDA:0,(anonymous_2)
FNDA:0,(anonymous_3)
DA:5,2
DA:7,2
DA:8,0
DA:11,2
DA:12,0
LF:5
LH:3
BRF:0
BRH:0
end_of_record
TN:
SF:src\store\selectors\index.ts
FNF:0
FNH:0
DA:2,2
DA:3,2
DA:4,2
LF:3
LH:3
BRF:0
BRH:0
end_of_record
TN:
SF:src\store\slices\authSlice.ts
FN:29,(anonymous_0)
FN:34,(anonymous_1)
FN:40,(anonymous_2)
FN:47,(anonymous_3)
FN:51,(anonymous_4)
FN:55,(anonymous_5)
FN:61,(anonymous_6)
FN:70,(anonymous_7)
FN:74,(anonymous_8)
FN:78,(anonymous_9)
FN:84,(anonymous_10)
FN:92,(anonymous_11)
FN:97,(anonymous_12)
FN:104,(anonymous_13)
FN:109,(anonymous_14)
FN:114,(anonymous_15)
FN:119,(anonymous_16)
FNF:17
FNH:3
FNDA:0,(anonymous_0)
FNDA:1,(anonymous_1)
FNDA:0,(anonymous_2)
FNDA:0,(anonymous_3)
FNDA:1,(anonymous_4)
FNDA:0,(anonymous_5)
FNDA:1,(anonymous_6)
FNDA:0,(anonymous_7)
FNDA:0,(anonymous_8)
FNDA:0,(anonymous_9)
FNDA:0,(anonymous_10)
FNDA:0,(anonymous_11)
FNDA:0,(anonymous_12)
FNDA:0,(anonymous_13)
FNDA:0,(anonymous_14)
FNDA:0,(anonymous_15)
FNDA:0,(anonymous_16)
DA:2,1
DA:3,1
DA:15,1
DA:24,1
DA:30,0
DA:31,0
DA:32,0
DA:35,1
DA:36,1
DA:37,1
DA:38,1
DA:41,0
DA:42,0
DA:43,0
DA:48,0
DA:49,0
DA:52,1
DA:53,1
DA:56,0
DA:57,0
DA:62,1
DA:63,1
DA:64,1
DA:65,1
DA:66,1
DA:71,0
DA:72,0
DA:75,0
DA:76,0
DA:79,0
DA:80,0
DA:88,0
DA:89,0
DA:90,0
DA:93,0
DA:94,0
DA:95,0
DA:98,0
DA:99,0
DA:100,0
DA:105,0
DA:106,0
DA:110,0
DA:111,0
DA:115,0
DA:120,0
DA:121,0
DA:122,0
DA:123,0
DA:124,0
DA:127,0
DA:133,1
DA:153,1
LF:53
LH:17
BRDA:122,0,0,0
BRF:1
BRH:0
end_of_record
TN:
SF:src\store\slices\cartSlice.ts
FN:14,(anonymous_0)
FN:32,(anonymous_1)
FN:33,(anonymous_2)
FN:46,(anonymous_3)
FN:47,(anonymous_4)
FN:52,(anonymous_5)
FN:53,(anonymous_6)
FN:61,(anonymous_7)
FN:62,(anonymous_8)
FN:70,(anonymous_9)
FN:71,(anonymous_10)
FN:76,(anonymous_11)
FN:83,(anonymous_12)
FNF:13
FNH:1
FNDA:1,(anonymous_0)
FNDA:0,(anonymous_1)
FNDA:0,(anonymous_2)
FNDA:0,(anonymous_3)
FNDA:0,(anonymous_4)
FNDA:0,(anonymous_5)
FNDA:0,(anonymous_6)
FNDA:0,(anonymous_7)
FNDA:0,(anonymous_8)
FNDA:0,(anonymous_9)
FNDA:0,(anonymous_10)
FNDA:0,(anonymous_11)
FNDA:0,(anonymous_12)
DA:2,1
DA:14,1
DA:15,1
DA:16,1
DA:17,1
DA:19,0
DA:23,1
DA:27,1
DA:33,0
DA:35,0
DA:36,0
DA:38,0
DA:42,0
DA:47,0
DA:48,0
DA:53,0
DA:54,0
DA:55,0
DA:56,0
DA:62,0
DA:63,0
DA:64,0
DA:65,0
DA:71,0
DA:72,0
DA:73,0
DA:74,0
DA:76,0
DA:78,0
DA:84,0
DA:85,0
DA:90,1
DA:99,1
LF:33
LH:9
BRDA:17,0,0,0
BRDA:17,0,1,1
BRDA:35,1,0,0
BRDA:35,1,1,0
BRDA:54,2,0,0
BRDA:54,3,0,0
BRDA:54,3,1,0
BRDA:63,4,0,0
BRDA:72,5,0,0
BRDA:73,6,0,0
BRDA:73,6,1,0
BRF:11
BRH:1
end_of_record
TN:
SF:src\store\slices\favoritesSlice.ts
FN:10,(anonymous_0)
FN:28,(anonymous_1)
FN:29,(anonymous_2)
FN:38,(anonymous_3)
FN:39,(anonymous_4)
FN:45,(anonymous_5)
FNF:6
FNH:1
FNDA:1,(anonymous_0)
FNDA:0,(anonymous_1)
FNDA:0,(anonymous_2)
FNDA:0,(anonymous_3)
FNDA:0,(anonymous_4)
FNDA:0,(anonymous_5)
DA:2,1
DA:10,1
DA:11,1
DA:12,1
DA:13,1
DA:15,0
DA:19,1
DA:23,1
DA:29,0
DA:30,0
DA:31,0
DA:33,0
DA:39,0
DA:41,0
DA:46,0
DA:47,0
DA:52,1
DA:58,1
LF:18
LH:9
BRDA:13,0,0,0
BRDA:13,0,1,1
BRDA:30,1,0,0
BRF:3
BRH:1
end_of_record
